{"/Users/colin/Code/gzclp-tracker/src/lib/exercises.ts": {"path":"/Users/colin/Code/gzclp-tracker/src/lib/exercises.ts","statementMap":{"0":{"start":{"line":5,"column":35},"end":{"line":5,"column":null}},"1":{"start":{"line":12,"column":2},"end":{"line":12,"column":null}},"2":{"start":{"line":12,"column":42},"end":{"line":12,"column":75}},"3":{"start":{"line":20,"column":2},"end":{"line":20,"column":null}},"4":{"start":{"line":20,"column":39},"end":{"line":20,"column":59}},"5":{"start":{"line":29,"column":23},"end":{"line":29,"column":null}},"6":{"start":{"line":30,"column":2},"end":{"line":36,"column":null}},"7":{"start":{"line":32,"column":31},"end":{"line":32,"column":null}},"8":{"start":{"line":33,"column":4},"end":{"line":35,"column":null}},"9":{"start":{"line":34,"column":6},"end":{"line":34,"column":null}},"10":{"start":{"line":39,"column":19},"end":{"line":39,"column":null}},"11":{"start":{"line":40,"column":2},"end":{"line":42,"column":null}},"12":{"start":{"line":41,"column":4},"end":{"line":41,"column":null}},"13":{"start":{"line":44,"column":2},"end":{"line":44,"column":null}},"14":{"start":{"line":54,"column":23},"end":{"line":54,"column":null}},"15":{"start":{"line":55,"column":2},"end":{"line":62,"column":null}},"16":{"start":{"line":57,"column":31},"end":{"line":57,"column":null}},"17":{"start":{"line":58,"column":4},"end":{"line":60,"column":null}},"18":{"start":{"line":59,"column":6},"end":{"line":59,"column":null}},"19":{"start":{"line":61,"column":4},"end":{"line":61,"column":null}},"20":{"start":{"line":65,"column":2},"end":{"line":69,"column":null}},"21":{"start":{"line":66,"column":21},"end":{"line":66,"column":null}},"22":{"start":{"line":67,"column":4},"end":{"line":67,"column":null}},"23":{"start":{"line":67,"column":18},"end":{"line":67,"column":null}},"24":{"start":{"line":68,"column":4},"end":{"line":68,"column":null}},"25":{"start":{"line":71,"column":2},"end":{"line":71,"column":null}},"26":{"start":{"line":74,"column":49},"end":{"line":78,"column":null}},"27":{"start":{"line":85,"column":19},"end":{"line":85,"column":null}},"28":{"start":{"line":85,"column":48},"end":{"line":85,"column":67}},"29":{"start":{"line":86,"column":2},"end":{"line":86,"column":null}},"30":{"start":{"line":86,"column":16},"end":{"line":86,"column":null}},"31":{"start":{"line":87,"column":13},"end":{"line":87,"column":null}},"32":{"start":{"line":88,"column":2},"end":{"line":88,"column":null}},"33":{"start":{"line":88,"column":10},"end":{"line":88,"column":null}},"34":{"start":{"line":89,"column":15},"end":{"line":89,"column":null}},"35":{"start":{"line":90,"column":2},"end":{"line":90,"column":null}},"36":{"start":{"line":90,"column":12},"end":{"line":90,"column":null}},"37":{"start":{"line":91,"column":2},"end":{"line":91,"column":null}},"38":{"start":{"line":95,"column":43},"end":{"line":95,"column":null}},"39":{"start":{"line":97,"column":2},"end":{"line":101,"column":null}},"40":{"start":{"line":98,"column":4},"end":{"line":98,"column":null}},"41":{"start":{"line":98,"column":46},"end":{"line":98,"column":null}},"42":{"start":{"line":99,"column":4},"end":{"line":99,"column":null}},"43":{"start":{"line":99,"column":46},"end":{"line":99,"column":null}},"44":{"start":{"line":100,"column":4},"end":{"line":100,"column":null}},"45":{"start":{"line":100,"column":47},"end":{"line":100,"column":null}},"46":{"start":{"line":103,"column":2},"end":{"line":107,"column":null}},"47":{"start":{"line":104,"column":4},"end":{"line":104,"column":null}},"48":{"start":{"line":104,"column":27},"end":{"line":104,"column":null}},"49":{"start":{"line":105,"column":4},"end":{"line":105,"column":null}},"50":{"start":{"line":105,"column":26},"end":{"line":105,"column":null}},"51":{"start":{"line":106,"column":4},"end":{"line":106,"column":null}},"52":{"start":{"line":106,"column":26},"end":{"line":106,"column":null}},"53":{"start":{"line":109,"column":2},"end":{"line":109,"column":null}},"54":{"start":{"line":119,"column":14},"end":{"line":119,"column":null}},"55":{"start":{"line":120,"column":2},"end":{"line":123,"column":null}},"56":{"start":{"line":121,"column":10},"end":{"line":121,"column":null}},"57":{"start":{"line":122,"column":4},"end":{"line":122,"column":null}},"58":{"start":{"line":124,"column":8},"end":{"line":124,"column":null}},"59":{"start":{"line":125,"column":2},"end":{"line":125,"column":null}},"60":{"start":{"line":133,"column":20},"end":{"line":133,"column":null}},"61":{"start":{"line":134,"column":16},"end":{"line":134,"column":null}},"62":{"start":{"line":135,"column":21},"end":{"line":135,"column":null}},"63":{"start":{"line":135,"column":48},"end":{"line":135,"column":77}},"64":{"start":{"line":136,"column":2},"end":{"line":138,"column":null}},"65":{"start":{"line":137,"column":4},"end":{"line":137,"column":null}},"66":{"start":{"line":139,"column":2},"end":{"line":139,"column":null}},"67":{"start":{"line":144,"column":2},"end":{"line":149,"column":null}},"68":{"start":{"line":144,"column":50},"end":{"line":149,"column":4}}},"fnMap":{"0":{"name":"getLiftSubstitution","decl":{"start":{"line":8,"column":16},"end":{"line":8,"column":null}},"loc":{"start":{"line":11,"column":32},"end":{"line":13,"column":null}},"line":11},"1":{"name":"(anonymous_1)","decl":{"start":{"line":12,"column":33},"end":{"line":12,"column":34}},"loc":{"start":{"line":12,"column":42},"end":{"line":12,"column":75}},"line":12},"2":{"name":"getExerciseFromLibrary","decl":{"start":{"line":16,"column":16},"end":{"line":16,"column":null}},"loc":{"start":{"line":19,"column":34},"end":{"line":21,"column":null}},"line":19},"3":{"name":"(anonymous_3)","decl":{"start":{"line":20,"column":31},"end":{"line":20,"column":32}},"loc":{"start":{"line":20,"column":39},"end":{"line":20,"column":59}},"line":20},"4":{"name":"isDumbbellExercise","decl":{"start":{"line":23,"column":16},"end":{"line":23,"column":null}},"loc":{"start":{"line":27,"column":11},"end":{"line":45,"column":null}},"line":27},"5":{"name":"getExerciseName","decl":{"start":{"line":47,"column":16},"end":{"line":47,"column":null}},"loc":{"start":{"line":52,"column":10},"end":{"line":72,"column":null}},"line":52},"6":{"name":"getExerciseDisplayName","decl":{"start":{"line":81,"column":16},"end":{"line":81,"column":null}},"loc":{"start":{"line":84,"column":10},"end":{"line":92,"column":null}},"line":84},"7":{"name":"(anonymous_7)","decl":{"start":{"line":85,"column":41},"end":{"line":85,"column":42}},"loc":{"start":{"line":85,"column":48},"end":{"line":85,"column":67}},"line":85},"8":{"name":"getStageFromConfig","decl":{"start":{"line":94,"column":16},"end":{"line":94,"column":35}},"loc":{"start":{"line":94,"column":69},"end":{"line":110,"column":null}},"line":94},"9":{"name":"getEffectiveStageConfig","decl":{"start":{"line":113,"column":16},"end":{"line":113,"column":null}},"loc":{"start":{"line":118,"column":53},"end":{"line":126,"column":null}},"line":118},"10":{"name":"getT3IdsForWorkout","decl":{"start":{"line":129,"column":16},"end":{"line":129,"column":null}},"loc":{"start":{"line":132,"column":12},"end":{"line":140,"column":null}},"line":132},"11":{"name":"(anonymous_11)","decl":{"start":{"line":135,"column":41},"end":{"line":135,"column":42}},"loc":{"start":{"line":135,"column":48},"end":{"line":135,"column":77}},"line":135},"12":{"name":"createSetLogs","decl":{"start":{"line":143,"column":16},"end":{"line":143,"column":30}},"loc":{"start":{"line":143,"column":74},"end":{"line":150,"column":null}},"line":143},"13":{"name":"(anonymous_13)","decl":{"start":{"line":144,"column":39},"end":{"line":144,"column":40}},"loc":{"start":{"line":144,"column":50},"end":{"line":149,"column":4}},"line":144}},"branchMap":{"0":{"loc":{"start":{"line":30,"column":2},"end":{"line":36,"column":null}},"type":"if","locations":[{"start":{"line":30,"column":2},"end":{"line":36,"column":null}},{"start":{},"end":{}}],"line":30},"1":{"loc":{"start":{"line":33,"column":4},"end":{"line":35,"column":null}},"type":"if","locations":[{"start":{"line":33,"column":4},"end":{"line":35,"column":null}},{"start":{},"end":{}}],"line":33},"2":{"loc":{"start":{"line":34,"column":13},"end":{"line":34,"column":null}},"type":"binary-expr","locations":[{"start":{"line":34,"column":13},"end":{"line":34,"column":46}},{"start":{"line":34,"column":46},"end":{"line":34,"column":null}}],"line":34},"3":{"loc":{"start":{"line":40,"column":2},"end":{"line":42,"column":null}},"type":"if","locations":[{"start":{"line":40,"column":2},"end":{"line":42,"column":null}},{"start":{},"end":{}}],"line":40},"4":{"loc":{"start":{"line":41,"column":11},"end":{"line":41,"column":null}},"type":"binary-expr","locations":[{"start":{"line":41,"column":11},"end":{"line":41,"column":34}},{"start":{"line":41,"column":34},"end":{"line":41,"column":null}}],"line":41},"5":{"loc":{"start":{"line":55,"column":2},"end":{"line":62,"column":null}},"type":"if","locations":[{"start":{"line":55,"column":2},"end":{"line":62,"column":null}},{"start":{},"end":{}}],"line":55},"6":{"loc":{"start":{"line":58,"column":4},"end":{"line":60,"column":null}},"type":"if","locations":[{"start":{"line":58,"column":4},"end":{"line":60,"column":null}},{"start":{},"end":{}}],"line":58},"7":{"loc":{"start":{"line":65,"column":2},"end":{"line":69,"column":null}},"type":"if","locations":[{"start":{"line":65,"column":2},"end":{"line":69,"column":null}},{"start":{},"end":{}}],"line":65},"8":{"loc":{"start":{"line":67,"column":4},"end":{"line":67,"column":null}},"type":"if","locations":[{"start":{"line":67,"column":4},"end":{"line":67,"column":null}},{"start":{},"end":{}}],"line":67},"9":{"loc":{"start":{"line":68,"column":11},"end":{"line":68,"column":null}},"type":"binary-expr","locations":[{"start":{"line":68,"column":11},"end":{"line":68,"column":41}},{"start":{"line":68,"column":41},"end":{"line":68,"column":null}}],"line":68},"10":{"loc":{"start":{"line":71,"column":9},"end":{"line":71,"column":null}},"type":"binary-expr","locations":[{"start":{"line":71,"column":9},"end":{"line":71,"column":44}},{"start":{"line":71,"column":44},"end":{"line":71,"column":null}}],"line":71},"11":{"loc":{"start":{"line":86,"column":2},"end":{"line":86,"column":null}},"type":"if","locations":[{"start":{"line":86,"column":2},"end":{"line":86,"column":null}},{"start":{},"end":{}}],"line":86},"12":{"loc":{"start":{"line":88,"column":2},"end":{"line":88,"column":null}},"type":"if","locations":[{"start":{"line":88,"column":2},"end":{"line":88,"column":null}},{"start":{},"end":{}}],"line":88},"13":{"loc":{"start":{"line":90,"column":2},"end":{"line":90,"column":null}},"type":"if","locations":[{"start":{"line":90,"column":2},"end":{"line":90,"column":null}},{"start":{},"end":{}}],"line":90},"14":{"loc":{"start":{"line":97,"column":2},"end":{"line":101,"column":null}},"type":"if","locations":[{"start":{"line":97,"column":2},"end":{"line":101,"column":null}},{"start":{},"end":{}}],"line":97},"15":{"loc":{"start":{"line":98,"column":4},"end":{"line":98,"column":null}},"type":"if","locations":[{"start":{"line":98,"column":4},"end":{"line":98,"column":null}},{"start":{},"end":{}}],"line":98},"16":{"loc":{"start":{"line":98,"column":8},"end":{"line":98,"column":46}},"type":"binary-expr","locations":[{"start":{"line":98,"column":8},"end":{"line":98,"column":28}},{"start":{"line":98,"column":28},"end":{"line":98,"column":46}}],"line":98},"17":{"loc":{"start":{"line":99,"column":4},"end":{"line":99,"column":null}},"type":"if","locations":[{"start":{"line":99,"column":4},"end":{"line":99,"column":null}},{"start":{},"end":{}}],"line":99},"18":{"loc":{"start":{"line":99,"column":8},"end":{"line":99,"column":46}},"type":"binary-expr","locations":[{"start":{"line":99,"column":8},"end":{"line":99,"column":28}},{"start":{"line":99,"column":28},"end":{"line":99,"column":46}}],"line":99},"19":{"loc":{"start":{"line":100,"column":4},"end":{"line":100,"column":null}},"type":"if","locations":[{"start":{"line":100,"column":4},"end":{"line":100,"column":null}},{"start":{},"end":{}}],"line":100},"20":{"loc":{"start":{"line":100,"column":8},"end":{"line":100,"column":47}},"type":"binary-expr","locations":[{"start":{"line":100,"column":8},"end":{"line":100,"column":29}},{"start":{"line":100,"column":29},"end":{"line":100,"column":47}}],"line":100},"21":{"loc":{"start":{"line":103,"column":2},"end":{"line":107,"column":null}},"type":"if","locations":[{"start":{"line":103,"column":2},"end":{"line":107,"column":null}},{"start":{},"end":{}}],"line":103},"22":{"loc":{"start":{"line":104,"column":4},"end":{"line":104,"column":null}},"type":"if","locations":[{"start":{"line":104,"column":4},"end":{"line":104,"column":null}},{"start":{},"end":{}}],"line":104},"23":{"loc":{"start":{"line":105,"column":4},"end":{"line":105,"column":null}},"type":"if","locations":[{"start":{"line":105,"column":4},"end":{"line":105,"column":null}},{"start":{},"end":{}}],"line":105},"24":{"loc":{"start":{"line":106,"column":4},"end":{"line":106,"column":null}},"type":"if","locations":[{"start":{"line":106,"column":4},"end":{"line":106,"column":null}},{"start":{},"end":{}}],"line":106},"25":{"loc":{"start":{"line":120,"column":2},"end":{"line":123,"column":null}},"type":"if","locations":[{"start":{"line":120,"column":2},"end":{"line":123,"column":null}},{"start":{},"end":{}}],"line":120},"26":{"loc":{"start":{"line":136,"column":2},"end":{"line":138,"column":null}},"type":"if","locations":[{"start":{"line":136,"column":2},"end":{"line":138,"column":null}},{"start":{},"end":{}}],"line":136},"27":{"loc":{"start":{"line":148,"column":13},"end":{"line":148,"column":null}},"type":"binary-expr","locations":[{"start":{"line":148,"column":13},"end":{"line":148,"column":25}},{"start":{"line":148,"column":25},"end":{"line":148,"column":null}}],"line":148}},"s":{"0":3,"1":97,"2":21,"3":42,"4":45,"5":23,"6":23,"7":5,"8":5,"9":5,"10":18,"11":18,"12":5,"13":13,"14":21,"15":21,"16":4,"17":4,"18":3,"19":1,"20":17,"21":11,"22":11,"23":2,"24":9,"25":6,"26":3,"27":0,"28":0,"29":0,"30":0,"31":0,"32":0,"33":0,"34":0,"35":0,"36":0,"37":0,"38":8,"39":8,"40":4,"41":1,"42":3,"43":1,"44":2,"45":1,"46":5,"47":3,"48":1,"49":2,"50":2,"51":1,"52":1,"53":2,"54":32,"55":32,"56":0,"57":0,"58":32,"59":32,"60":16,"61":16,"62":16,"63":0,"64":16,"65":0,"66":16,"67":49,"68":179},"f":{"0":97,"1":21,"2":42,"3":45,"4":23,"5":21,"6":0,"7":0,"8":8,"9":32,"10":16,"11":0,"12":49,"13":179},"b":{"0":[5,18],"1":[5,0],"2":[5,2],"3":[5,13],"4":[5,2],"5":[4,17],"6":[3,1],"7":[11,6],"8":[2,9],"9":[9,2],"10":[6,1],"11":[0,0],"12":[0,0],"13":[0,0],"14":[4,4],"15":[1,3],"16":[4,1],"17":[1,2],"18":[3,1],"19":[1,1],"20":[2,1],"21":[3,2],"22":[1,2],"23":[1,1],"24":[1,0],"25":[0,32],"26":[0,16],"27":[179,131]},"meta":{"lastBranch":28,"lastFunction":14,"lastStatement":69,"seen":{"s:5:35:5:Infinity":0,"f:8:16:8:Infinity":0,"s:12:2:12:Infinity":1,"f:12:33:12:34":1,"s:12:42:12:75":2,"f:16:16:16:Infinity":2,"s:20:2:20:Infinity":3,"f:20:31:20:32":3,"s:20:39:20:59":4,"f:23:16:23:Infinity":4,"s:29:23:29:Infinity":5,"b:30:2:36:Infinity:undefined:undefined:undefined:undefined":0,"s:30:2:36:Infinity":6,"s:32:31:32:Infinity":7,"b:33:4:35:Infinity:undefined:undefined:undefined:undefined":1,"s:33:4:35:Infinity":8,"s:34:6:34:Infinity":9,"b:34:13:34:46:34:46:34:Infinity":2,"s:39:19:39:Infinity":10,"b:40:2:42:Infinity:undefined:undefined:undefined:undefined":3,"s:40:2:42:Infinity":11,"s:41:4:41:Infinity":12,"b:41:11:41:34:41:34:41:Infinity":4,"s:44:2:44:Infinity":13,"f:47:16:47:Infinity":5,"s:54:23:54:Infinity":14,"b:55:2:62:Infinity:undefined:undefined:undefined:undefined":5,"s:55:2:62:Infinity":15,"s:57:31:57:Infinity":16,"b:58:4:60:Infinity:undefined:undefined:undefined:undefined":6,"s:58:4:60:Infinity":17,"s:59:6:59:Infinity":18,"s:61:4:61:Infinity":19,"b:65:2:69:Infinity:undefined:undefined:undefined:undefined":7,"s:65:2:69:Infinity":20,"s:66:21:66:Infinity":21,"b:67:4:67:Infinity:undefined:undefined:undefined:undefined":8,"s:67:4:67:Infinity":22,"s:67:18:67:Infinity":23,"s:68:4:68:Infinity":24,"b:68:11:68:41:68:41:68:Infinity":9,"s:71:2:71:Infinity":25,"b:71:9:71:44:71:44:71:Infinity":10,"s:74:49:78:Infinity":26,"f:81:16:81:Infinity":6,"s:85:19:85:Infinity":27,"f:85:41:85:42":7,"s:85:48:85:67":28,"b:86:2:86:Infinity:undefined:undefined:undefined:undefined":11,"s:86:2:86:Infinity":29,"s:86:16:86:Infinity":30,"s:87:13:87:Infinity":31,"b:88:2:88:Infinity:undefined:undefined:undefined:undefined":12,"s:88:2:88:Infinity":32,"s:88:10:88:Infinity":33,"s:89:15:89:Infinity":34,"b:90:2:90:Infinity:undefined:undefined:undefined:undefined":13,"s:90:2:90:Infinity":35,"s:90:12:90:Infinity":36,"s:91:2:91:Infinity":37,"f:94:16:94:35":8,"s:95:43:95:Infinity":38,"b:97:2:101:Infinity:undefined:undefined:undefined:undefined":14,"s:97:2:101:Infinity":39,"b:98:4:98:Infinity:undefined:undefined:undefined:undefined":15,"s:98:4:98:Infinity":40,"b:98:8:98:28:98:28:98:46":16,"s:98:46:98:Infinity":41,"b:99:4:99:Infinity:undefined:undefined:undefined:undefined":17,"s:99:4:99:Infinity":42,"b:99:8:99:28:99:28:99:46":18,"s:99:46:99:Infinity":43,"b:100:4:100:Infinity:undefined:undefined:undefined:undefined":19,"s:100:4:100:Infinity":44,"b:100:8:100:29:100:29:100:47":20,"s:100:47:100:Infinity":45,"b:103:2:107:Infinity:undefined:undefined:undefined:undefined":21,"s:103:2:107:Infinity":46,"b:104:4:104:Infinity:undefined:undefined:undefined:undefined":22,"s:104:4:104:Infinity":47,"s:104:27:104:Infinity":48,"b:105:4:105:Infinity:undefined:undefined:undefined:undefined":23,"s:105:4:105:Infinity":49,"s:105:26:105:Infinity":50,"b:106:4:106:Infinity:undefined:undefined:undefined:undefined":24,"s:106:4:106:Infinity":51,"s:106:26:106:Infinity":52,"s:109:2:109:Infinity":53,"f:113:16:113:Infinity":9,"s:119:14:119:Infinity":54,"b:120:2:123:Infinity:undefined:undefined:undefined:undefined":25,"s:120:2:123:Infinity":55,"s:121:10:121:Infinity":56,"s:122:4:122:Infinity":57,"s:124:8:124:Infinity":58,"s:125:2:125:Infinity":59,"f:129:16:129:Infinity":10,"s:133:20:133:Infinity":60,"s:134:16:134:Infinity":61,"s:135:21:135:Infinity":62,"f:135:41:135:42":11,"s:135:48:135:77":63,"b:136:2:138:Infinity:undefined:undefined:undefined:undefined":26,"s:136:2:138:Infinity":64,"s:137:4:137:Infinity":65,"s:139:2:139:Infinity":66,"f:143:16:143:30":12,"s:144:2:149:Infinity":67,"f:144:39:144:40":13,"s:144:50:149:4":68,"b:148:13:148:25:148:25:148:Infinity":27}}}
,"/Users/colin/Code/gzclp-tracker/src/lib/plates.ts": {"path":"/Users/colin/Code/gzclp-tracker/src/lib/plates.ts","statementMap":{"0":{"start":{"line":1,"column":51},"end":{"line":13,"column":null}},"1":{"start":{"line":28,"column":8},"end":{"line":28,"column":null}},"2":{"start":{"line":30,"column":2},"end":{"line":32,"column":null}},"3":{"start":{"line":31,"column":4},"end":{"line":31,"column":null}},"4":{"start":{"line":34,"column":28},"end":{"line":34,"column":null}},"5":{"start":{"line":35,"column":18},"end":{"line":35,"column":null}},"6":{"start":{"line":37,"column":2},"end":{"line":46,"column":null}},"7":{"start":{"line":38,"column":23},"end":{"line":38,"column":null}},"8":{"start":{"line":39,"column":20},"end":{"line":39,"column":null}},"9":{"start":{"line":41,"column":4},"end":{"line":45,"column":null}},"10":{"start":{"line":42,"column":6},"end":{"line":42,"column":null}},"11":{"start":{"line":43,"column":6},"end":{"line":43,"column":null}},"12":{"start":{"line":44,"column":6},"end":{"line":44,"column":null}},"13":{"start":{"line":48,"column":21},"end":{"line":48,"column":null}},"14":{"start":{"line":49,"column":24},"end":{"line":49,"column":null}},"15":{"start":{"line":49,"column":51},"end":{"line":49,"column":60}},"16":{"start":{"line":50,"column":22},"end":{"line":50,"column":null}},"17":{"start":{"line":52,"column":2},"end":{"line":52,"column":null}},"18":{"start":{"line":61,"column":26},"end":{"line":64,"column":null}},"19":{"start":{"line":62,"column":26},"end":{"line":62,"column":33}},"20":{"start":{"line":63,"column":26},"end":{"line":63,"column":44}},"21":{"start":{"line":64,"column":20},"end":{"line":64,"column":25}},"22":{"start":{"line":66,"column":2},"end":{"line":68,"column":null}},"23":{"start":{"line":67,"column":4},"end":{"line":67,"column":null}},"24":{"start":{"line":70,"column":17},"end":{"line":70,"column":null}},"25":{"start":{"line":72,"column":2},"end":{"line":86,"column":null}},"26":{"start":{"line":75,"column":26},"end":{"line":75,"column":null}},"27":{"start":{"line":76,"column":22},"end":{"line":76,"column":null}},"28":{"start":{"line":78,"column":4},"end":{"line":85,"column":null}},"29":{"start":{"line":78,"column":25},"end":{"line":78,"column":51}},"30":{"start":{"line":80,"column":28},"end":{"line":80,"column":null}},"31":{"start":{"line":81,"column":24},"end":{"line":81,"column":null}},"32":{"start":{"line":82,"column":6},"end":{"line":84,"column":null}},"33":{"start":{"line":83,"column":8},"end":{"line":83,"column":null}},"34":{"start":{"line":88,"column":2},"end":{"line":88,"column":null}},"35":{"start":{"line":92,"column":2},"end":{"line":92,"column":null}},"36":{"start":{"line":92,"column":27},"end":{"line":92,"column":null}},"37":{"start":{"line":94,"column":17},"end":{"line":94,"column":null}},"38":{"start":{"line":95,"column":2},"end":{"line":97,"column":null}},"39":{"start":{"line":96,"column":4},"end":{"line":96,"column":null}},"40":{"start":{"line":99,"column":26},"end":{"line":99,"column":null}},"41":{"start":{"line":100,"column":2},"end":{"line":102,"column":null}},"42":{"start":{"line":101,"column":4},"end":{"line":101,"column":null}},"43":{"start":{"line":104,"column":2},"end":{"line":104,"column":null}},"44":{"start":{"line":108,"column":26},"end":{"line":110,"column":null}},"45":{"start":{"line":109,"column":26},"end":{"line":109,"column":33}},"46":{"start":{"line":110,"column":26},"end":{"line":110,"column":44}},"47":{"start":{"line":111,"column":2},"end":{"line":111,"column":null}}},"fnMap":{"0":{"name":"calculatePlatesInternal","decl":{"start":{"line":22,"column":9},"end":{"line":22,"column":null}},"loc":{"start":{"line":27,"column":67},"end":{"line":53,"column":null}},"line":27},"1":{"name":"(anonymous_1)","decl":{"start":{"line":49,"column":39},"end":{"line":49,"column":40}},"loc":{"start":{"line":49,"column":51},"end":{"line":49,"column":60}},"line":49},"2":{"name":"calculatePlates","decl":{"start":{"line":55,"column":16},"end":{"line":55,"column":null}},"loc":{"start":{"line":59,"column":15},"end":{"line":89,"column":null}},"line":59},"3":{"name":"(anonymous_3)","decl":{"start":{"line":62,"column":12},"end":{"line":62,"column":13}},"loc":{"start":{"line":62,"column":26},"end":{"line":62,"column":33}},"line":62},"4":{"name":"(anonymous_4)","decl":{"start":{"line":63,"column":9},"end":{"line":63,"column":10}},"loc":{"start":{"line":63,"column":26},"end":{"line":63,"column":44}},"line":63},"5":{"name":"(anonymous_5)","decl":{"start":{"line":64,"column":10},"end":{"line":64,"column":11}},"loc":{"start":{"line":64,"column":20},"end":{"line":64,"column":25}},"line":64},"6":{"name":"formatPlates","decl":{"start":{"line":91,"column":16},"end":{"line":91,"column":29}},"loc":{"start":{"line":91,"column":55},"end":{"line":105,"column":null}},"line":91},"7":{"name":"getSmallestPlate","decl":{"start":{"line":107,"column":16},"end":{"line":107,"column":33}},"loc":{"start":{"line":107,"column":81},"end":{"line":112,"column":null}},"line":107},"8":{"name":"(anonymous_8)","decl":{"start":{"line":109,"column":12},"end":{"line":109,"column":13}},"loc":{"start":{"line":109,"column":26},"end":{"line":109,"column":33}},"line":109},"9":{"name":"(anonymous_9)","decl":{"start":{"line":110,"column":9},"end":{"line":110,"column":10}},"loc":{"start":{"line":110,"column":26},"end":{"line":110,"column":44}},"line":110}},"branchMap":{"0":{"loc":{"start":{"line":30,"column":2},"end":{"line":32,"column":null}},"type":"if","locations":[{"start":{"line":30,"column":2},"end":{"line":32,"column":null}},{"start":{},"end":{}}],"line":30},"1":{"loc":{"start":{"line":38,"column":35},"end":{"line":38,"column":76}},"type":"binary-expr","locations":[{"start":{"line":38,"column":35},"end":{"line":38,"column":71}},{"start":{"line":38,"column":71},"end":{"line":38,"column":76}}],"line":38},"2":{"loc":{"start":{"line":41,"column":11},"end":{"line":41,"column":65}},"type":"binary-expr","locations":[{"start":{"line":41,"column":11},"end":{"line":41,"column":41}},{"start":{"line":41,"column":41},"end":{"line":41,"column":65}}],"line":41},"3":{"loc":{"start":{"line":66,"column":2},"end":{"line":68,"column":null}},"type":"if","locations":[{"start":{"line":66,"column":2},"end":{"line":68,"column":null}},{"start":{},"end":{}}],"line":66},"4":{"loc":{"start":{"line":72,"column":2},"end":{"line":86,"column":null}},"type":"if","locations":[{"start":{"line":72,"column":2},"end":{"line":86,"column":null}},{"start":{},"end":{}}],"line":72},"5":{"loc":{"start":{"line":82,"column":6},"end":{"line":84,"column":null}},"type":"if","locations":[{"start":{"line":82,"column":6},"end":{"line":84,"column":null}},{"start":{},"end":{}}],"line":82},"6":{"loc":{"start":{"line":92,"column":2},"end":{"line":92,"column":null}},"type":"if","locations":[{"start":{"line":92,"column":2},"end":{"line":92,"column":null}},{"start":{},"end":{}}],"line":92},"7":{"loc":{"start":{"line":96,"column":23},"end":{"line":96,"column":49}},"type":"binary-expr","locations":[{"start":{"line":96,"column":23},"end":{"line":96,"column":44}},{"start":{"line":96,"column":44},"end":{"line":96,"column":49}}],"line":96},"8":{"loc":{"start":{"line":101,"column":15},"end":{"line":101,"column":61}},"type":"cond-expr","locations":[{"start":{"line":101,"column":27},"end":{"line":101,"column":50}},{"start":{"line":101,"column":50},"end":{"line":101,"column":61}}],"line":101},"9":{"loc":{"start":{"line":111,"column":9},"end":{"line":111,"column":null}},"type":"cond-expr","locations":[{"start":{"line":111,"column":38},"end":{"line":111,"column":69}},{"start":{"line":111,"column":69},"end":{"line":111,"column":null}}],"line":111}},"s":{"0":1,"1":124,"2":124,"3":12,"4":112,"5":112,"6":112,"7":257,"8":257,"9":257,"10":219,"11":219,"12":219,"13":112,"14":112,"15":219,"16":112,"17":112,"18":14,"19":59,"20":57,"21":68,"22":14,"23":2,"24":12,"25":12,"26":3,"27":3,"28":3,"29":3,"30":112,"31":112,"32":112,"33":2,"34":10,"35":5,"36":1,"37":4,"38":4,"39":13,"40":4,"41":4,"42":10,"43":4,"44":6,"45":20,"46":15,"47":6},"f":{"0":124,"1":219,"2":14,"3":59,"4":57,"5":68,"6":5,"7":6,"8":20,"9":15},"b":{"0":[12,112],"1":[257,0],"2":[257,421],"3":[2,12],"4":[3,9],"5":[2,110],"6":[1,4],"7":[13,10],"8":[3,7],"9":[4,2]},"meta":{"lastBranch":10,"lastFunction":10,"lastStatement":48,"seen":{"s:1:51:13:Infinity":0,"f:22:9:22:Infinity":0,"s:28:8:28:Infinity":1,"b:30:2:32:Infinity:undefined:undefined:undefined:undefined":0,"s:30:2:32:Infinity":2,"s:31:4:31:Infinity":3,"s:34:28:34:Infinity":4,"s:35:18:35:Infinity":5,"s:37:2:46:Infinity":6,"s:38:23:38:Infinity":7,"b:38:35:38:71:38:71:38:76":1,"s:39:20:39:Infinity":8,"s:41:4:45:Infinity":9,"b:41:11:41:41:41:41:41:65":2,"s:42:6:42:Infinity":10,"s:43:6:43:Infinity":11,"s:44:6:44:Infinity":12,"s:48:21:48:Infinity":13,"s:49:24:49:Infinity":14,"f:49:39:49:40":1,"s:49:51:49:60":15,"s:50:22:50:Infinity":16,"s:52:2:52:Infinity":17,"f:55:16:55:Infinity":2,"s:61:26:64:Infinity":18,"f:62:12:62:13":3,"s:62:26:62:33":19,"f:63:9:63:10":4,"s:63:26:63:44":20,"f:64:10:64:11":5,"s:64:20:64:25":21,"b:66:2:68:Infinity:undefined:undefined:undefined:undefined":3,"s:66:2:68:Infinity":22,"s:67:4:67:Infinity":23,"s:70:17:70:Infinity":24,"b:72:2:86:Infinity:undefined:undefined:undefined:undefined":4,"s:72:2:86:Infinity":25,"s:75:26:75:Infinity":26,"s:76:22:76:Infinity":27,"s:78:4:85:Infinity":28,"s:78:25:78:51":29,"s:80:28:80:Infinity":30,"s:81:24:81:Infinity":31,"b:82:6:84:Infinity:undefined:undefined:undefined:undefined":5,"s:82:6:84:Infinity":32,"s:83:8:83:Infinity":33,"s:88:2:88:Infinity":34,"f:91:16:91:29":6,"b:92:2:92:Infinity:undefined:undefined:undefined:undefined":6,"s:92:2:92:Infinity":35,"s:92:27:92:Infinity":36,"s:94:17:94:Infinity":37,"s:95:2:97:Infinity":38,"s:96:4:96:Infinity":39,"b:96:23:96:44:96:44:96:49":7,"s:99:26:99:Infinity":40,"s:100:2:102:Infinity":41,"s:101:4:101:Infinity":42,"b:101:27:101:50:101:50:101:61":8,"s:104:2:104:Infinity":43,"f:107:16:107:33":7,"s:108:26:110:Infinity":44,"f:109:12:109:13":8,"s:109:26:109:33":45,"f:110:9:110:10":9,"s:110:26:110:44":46,"s:111:2:111:Infinity":47,"b:111:38:111:69:111:69:111:Infinity":9}}}
,"/Users/colin/Code/gzclp-tracker/src/lib/progression.ts": {"path":"/Users/colin/Code/gzclp-tracker/src/lib/progression.ts","statementMap":{"0":{"start":{"line":8,"column":50},"end":{"line":12,"column":null}},"1":{"start":{"line":14,"column":50},"end":{"line":18,"column":null}},"2":{"start":{"line":20,"column":31},"end":{"line":20,"column":null}},"3":{"start":{"line":23,"column":2},"end":{"line":23,"column":null}},"4":{"start":{"line":23,"column":21},"end":{"line":23,"column":null}},"5":{"start":{"line":24,"column":2},"end":{"line":24,"column":null}},"6":{"start":{"line":24,"column":21},"end":{"line":24,"column":null}},"7":{"start":{"line":25,"column":2},"end":{"line":25,"column":null}},"8":{"start":{"line":29,"column":2},"end":{"line":29,"column":null}},"9":{"start":{"line":29,"column":44},"end":{"line":29,"column":60}},"10":{"start":{"line":33,"column":2},"end":{"line":33,"column":null}},"11":{"start":{"line":37,"column":20},"end":{"line":37,"column":null}},"12":{"start":{"line":38,"column":22},"end":{"line":38,"column":null}},"13":{"start":{"line":39,"column":2},"end":{"line":39,"column":null}},"14":{"start":{"line":43,"column":19},"end":{"line":43,"column":null}},"15":{"start":{"line":43,"column":45},"end":{"line":43,"column":54}},"16":{"start":{"line":44,"column":2},"end":{"line":44,"column":null}},"17":{"start":{"line":48,"column":2},"end":{"line":49,"column":null}},"18":{"start":{"line":63,"column":18},"end":{"line":63,"column":null}},"19":{"start":{"line":64,"column":28},"end":{"line":64,"column":null}},"20":{"start":{"line":66,"column":2},"end":{"line":72,"column":null}},"21":{"start":{"line":67,"column":22},"end":{"line":67,"column":null}},"22":{"start":{"line":68,"column":4},"end":{"line":71,"column":null}},"23":{"start":{"line":75,"column":2},"end":{"line":80,"column":null}},"24":{"start":{"line":76,"column":4},"end":{"line":79,"column":null}},"25":{"start":{"line":82,"column":2},"end":{"line":87,"column":null}},"26":{"start":{"line":83,"column":4},"end":{"line":86,"column":null}},"27":{"start":{"line":89,"column":2},"end":{"line":94,"column":null}},"28":{"start":{"line":90,"column":4},"end":{"line":93,"column":null}},"29":{"start":{"line":97,"column":19},"end":{"line":97,"column":null}},"30":{"start":{"line":97,"column":57},"end":{"line":97,"column":68}},"31":{"start":{"line":97,"column":79},"end":{"line":97,"column":85}},"32":{"start":{"line":98,"column":2},"end":{"line":106,"column":null}},"33":{"start":{"line":115,"column":18},"end":{"line":115,"column":null}},"34":{"start":{"line":116,"column":46},"end":{"line":116,"column":null}},"35":{"start":{"line":118,"column":2},"end":{"line":129,"column":null}},"36":{"start":{"line":119,"column":22},"end":{"line":119,"column":null}},"37":{"start":{"line":120,"column":32},"end":{"line":124,"column":null}},"38":{"start":{"line":125,"column":4},"end":{"line":128,"column":null}},"39":{"start":{"line":132,"column":2},"end":{"line":137,"column":null}},"40":{"start":{"line":133,"column":4},"end":{"line":136,"column":null}},"41":{"start":{"line":139,"column":2},"end":{"line":144,"column":null}},"42":{"start":{"line":140,"column":4},"end":{"line":143,"column":null}},"43":{"start":{"line":146,"column":2},"end":{"line":151,"column":null}},"44":{"start":{"line":147,"column":4},"end":{"line":150,"column":null}},"45":{"start":{"line":154,"column":21},"end":{"line":154,"column":null}},"46":{"start":{"line":155,"column":25},"end":{"line":155,"column":null}},"47":{"start":{"line":156,"column":22},"end":{"line":156,"column":null}},"48":{"start":{"line":157,"column":2},"end":{"line":165,"column":null}},"49":{"start":{"line":169,"column":2},"end":{"line":169,"column":null}},"50":{"start":{"line":177,"column":2},"end":{"line":179,"column":null}},"51":{"start":{"line":178,"column":4},"end":{"line":178,"column":null}},"52":{"start":{"line":180,"column":2},"end":{"line":180,"column":null}},"53":{"start":{"line":188,"column":2},"end":{"line":193,"column":null}},"54":{"start":{"line":198,"column":23},"end":{"line":198,"column":null}},"55":{"start":{"line":200,"column":23},"end":{"line":200,"column":null}},"56":{"start":{"line":202,"column":18},"end":{"line":202,"column":null}},"57":{"start":{"line":203,"column":2},"end":{"line":203,"column":null}},"58":{"start":{"line":207,"column":18},"end":{"line":207,"column":null}},"59":{"start":{"line":208,"column":22},"end":{"line":208,"column":null}},"60":{"start":{"line":209,"column":2},"end":{"line":216,"column":null}},"61":{"start":{"line":235,"column":19},"end":{"line":235,"column":null}},"62":{"start":{"line":235,"column":45},"end":{"line":235,"column":54}},"63":{"start":{"line":236,"column":2},"end":{"line":236,"column":null}},"64":{"start":{"line":236,"column":17},"end":{"line":236,"column":null}},"65":{"start":{"line":237,"column":17},"end":{"line":237,"column":null}},"66":{"start":{"line":238,"column":2},"end":{"line":238,"column":null}},"67":{"start":{"line":242,"column":2},"end":{"line":242,"column":null}},"68":{"start":{"line":242,"column":27},"end":{"line":242,"column":54}},"69":{"start":{"line":246,"column":21},"end":{"line":249,"column":null}},"70":{"start":{"line":250,"column":2},"end":{"line":250,"column":null}},"71":{"start":{"line":258,"column":21},"end":{"line":258,"column":null}},"72":{"start":{"line":259,"column":19},"end":{"line":259,"column":null}},"73":{"start":{"line":260,"column":24},"end":{"line":260,"column":null}},"74":{"start":{"line":263,"column":21},"end":{"line":263,"column":null}},"75":{"start":{"line":263,"column":51},"end":{"line":263,"column":66}},"76":{"start":{"line":264,"column":2},"end":{"line":279,"column":null}},"77":{"start":{"line":265,"column":19},"end":{"line":265,"column":null}},"78":{"start":{"line":266,"column":25},"end":{"line":266,"column":null}},"79":{"start":{"line":267,"column":16},"end":{"line":267,"column":null}},"80":{"start":{"line":269,"column":4},"end":{"line":278,"column":null}},"81":{"start":{"line":270,"column":24},"end":{"line":270,"column":null}},"82":{"start":{"line":271,"column":6},"end":{"line":273,"column":null}},"83":{"start":{"line":272,"column":8},"end":{"line":272,"column":null}},"84":{"start":{"line":275,"column":24},"end":{"line":275,"column":null}},"85":{"start":{"line":276,"column":21},"end":{"line":276,"column":null}},"86":{"start":{"line":277,"column":6},"end":{"line":277,"column":null}},"87":{"start":{"line":282,"column":21},"end":{"line":282,"column":null}},"88":{"start":{"line":282,"column":51},"end":{"line":282,"column":66}},"89":{"start":{"line":283,"column":2},"end":{"line":298,"column":null}},"90":{"start":{"line":284,"column":19},"end":{"line":284,"column":null}},"91":{"start":{"line":285,"column":25},"end":{"line":285,"column":null}},"92":{"start":{"line":286,"column":16},"end":{"line":286,"column":null}},"93":{"start":{"line":288,"column":4},"end":{"line":297,"column":null}},"94":{"start":{"line":289,"column":24},"end":{"line":289,"column":null}},"95":{"start":{"line":290,"column":6},"end":{"line":292,"column":null}},"96":{"start":{"line":291,"column":8},"end":{"line":291,"column":null}},"97":{"start":{"line":294,"column":24},"end":{"line":294,"column":null}},"98":{"start":{"line":295,"column":21},"end":{"line":295,"column":null}},"99":{"start":{"line":296,"column":6},"end":{"line":296,"column":null}},"100":{"start":{"line":301,"column":2},"end":{"line":308,"column":null}},"101":{"start":{"line":301,"column":59},"end":{"line":301,"column":74}},"102":{"start":{"line":302,"column":17},"end":{"line":302,"column":null}},"103":{"start":{"line":303,"column":26},"end":{"line":303,"column":null}},"104":{"start":{"line":304,"column":22},"end":{"line":304,"column":null}},"105":{"start":{"line":305,"column":4},"end":{"line":307,"column":null}},"106":{"start":{"line":306,"column":6},"end":{"line":306,"column":null}},"107":{"start":{"line":311,"column":23},"end":{"line":311,"column":null}},"108":{"start":{"line":312,"column":2},"end":{"line":312,"column":null}},"109":{"start":{"line":313,"column":2},"end":{"line":313,"column":null}},"110":{"start":{"line":315,"column":2},"end":{"line":315,"column":null}}},"fnMap":{"0":{"name":"getStageConfig","decl":{"start":{"line":22,"column":16},"end":{"line":22,"column":31}},"loc":{"start":{"line":22,"column":74},"end":{"line":26,"column":null}},"line":22},"1":{"name":"getTotalReps","decl":{"start":{"line":28,"column":16},"end":{"line":28,"column":29}},"loc":{"start":{"line":28,"column":60},"end":{"line":30,"column":null}},"line":28},"2":{"name":"(anonymous_2)","decl":{"start":{"line":29,"column":30},"end":{"line":29,"column":31}},"loc":{"start":{"line":29,"column":44},"end":{"line":29,"column":60}},"line":29},"3":{"name":"getTargetTotalReps","decl":{"start":{"line":32,"column":16},"end":{"line":32,"column":35}},"loc":{"start":{"line":32,"column":66},"end":{"line":34,"column":null}},"line":32},"4":{"name":"didHitRepTarget","decl":{"start":{"line":36,"column":16},"end":{"line":36,"column":32}},"loc":{"start":{"line":36,"column":64},"end":{"line":40,"column":null}},"line":36},"5":{"name":"getAmrapReps","decl":{"start":{"line":42,"column":16},"end":{"line":42,"column":29}},"loc":{"start":{"line":42,"column":72},"end":{"line":45,"column":null}},"line":42},"6":{"name":"(anonymous_6)","decl":{"start":{"line":43,"column":38},"end":{"line":43,"column":39}},"loc":{"start":{"line":43,"column":45},"end":{"line":43,"column":54}},"line":43},"7":{"name":"isTrialWeight","decl":{"start":{"line":47,"column":16},"end":{"line":47,"column":30}},"loc":{"start":{"line":47,"column":62},"end":{"line":50,"column":null}},"line":47},"8":{"name":"calculateT1Progression","decl":{"start":{"line":57,"column":16},"end":{"line":57,"column":null}},"loc":{"start":{"line":62,"column":21},"end":{"line":107,"column":null}},"line":62},"9":{"name":"(anonymous_9)","decl":{"start":{"line":97,"column":52},"end":{"line":97,"column":57}},"loc":{"start":{"line":97,"column":57},"end":{"line":97,"column":68}},"line":97},"10":{"name":"(anonymous_10)","decl":{"start":{"line":97,"column":74},"end":{"line":97,"column":79}},"loc":{"start":{"line":97,"column":79},"end":{"line":97,"column":85}},"line":97},"11":{"name":"calculateT2Progression","decl":{"start":{"line":109,"column":16},"end":{"line":109,"column":null}},"loc":{"start":{"line":114,"column":21},"end":{"line":166,"column":null}},"line":114},"12":{"name":"shouldIncreaseT3Weight","decl":{"start":{"line":168,"column":16},"end":{"line":168,"column":39}},"loc":{"start":{"line":168,"column":67},"end":{"line":170,"column":null}},"line":168},"13":{"name":"calculateT3Progression","decl":{"start":{"line":172,"column":16},"end":{"line":172,"column":null}},"loc":{"start":{"line":176,"column":45},"end":{"line":181,"column":null}},"line":176},"14":{"name":"createInitialLiftState","decl":{"start":{"line":183,"column":16},"end":{"line":183,"column":null}},"loc":{"start":{"line":187,"column":13},"end":{"line":194,"column":null}},"line":187},"15":{"name":"estimate5RM","decl":{"start":{"line":196,"column":16},"end":{"line":196,"column":28}},"loc":{"start":{"line":196,"column":89},"end":{"line":204,"column":null}},"line":196},"16":{"name":"applyT1Reset","decl":{"start":{"line":206,"column":16},"end":{"line":206,"column":29}},"loc":{"start":{"line":206,"column":99},"end":{"line":217,"column":null}},"line":206},"17":{"name":"applyT3StyleProgression","decl":{"start":{"line":230,"column":9},"end":{"line":230,"column":null}},"loc":{"start":{"line":234,"column":17},"end":{"line":239,"column":null}},"line":234},"18":{"name":"(anonymous_18)","decl":{"start":{"line":235,"column":38},"end":{"line":235,"column":39}},"loc":{"start":{"line":235,"column":45},"end":{"line":235,"column":54}},"line":235},"19":{"name":"getLiftSubstitution","decl":{"start":{"line":241,"column":9},"end":{"line":241,"column":29}},"loc":{"start":{"line":241,"column":102},"end":{"line":243,"column":null}},"line":241},"20":{"name":"(anonymous_20)","decl":{"start":{"line":242,"column":20},"end":{"line":242,"column":21}},"loc":{"start":{"line":242,"column":27},"end":{"line":242,"column":54}},"line":242},"21":{"name":"getIncrement","decl":{"start":{"line":245,"column":9},"end":{"line":245,"column":22}},"loc":{"start":{"line":245,"column":85},"end":{"line":251,"column":null}},"line":245},"22":{"name":"applyWorkoutProgression","decl":{"start":{"line":253,"column":16},"end":{"line":253,"column":null}},"loc":{"start":{"line":257,"column":16},"end":{"line":316,"column":null}},"line":257},"23":{"name":"(anonymous_23)","decl":{"start":{"line":263,"column":44},"end":{"line":263,"column":45}},"loc":{"start":{"line":263,"column":51},"end":{"line":263,"column":66}},"line":263},"24":{"name":"(anonymous_24)","decl":{"start":{"line":282,"column":44},"end":{"line":282,"column":45}},"loc":{"start":{"line":282,"column":51},"end":{"line":282,"column":66}},"line":282},"25":{"name":"(anonymous_25)","decl":{"start":{"line":301,"column":52},"end":{"line":301,"column":53}},"loc":{"start":{"line":301,"column":59},"end":{"line":301,"column":74}},"line":301}},"branchMap":{"0":{"loc":{"start":{"line":23,"column":2},"end":{"line":23,"column":null}},"type":"if","locations":[{"start":{"line":23,"column":2},"end":{"line":23,"column":null}},{"start":{},"end":{}}],"line":23},"1":{"loc":{"start":{"line":24,"column":2},"end":{"line":24,"column":null}},"type":"if","locations":[{"start":{"line":24,"column":2},"end":{"line":24,"column":null}},{"start":{},"end":{}}],"line":24},"2":{"loc":{"start":{"line":48,"column":9},"end":{"line":49,"column":null}},"type":"binary-expr","locations":[{"start":{"line":48,"column":9},"end":{"line":48,"column":null}},{"start":{"line":49,"column":9},"end":{"line":49,"column":null}}],"line":48},"3":{"loc":{"start":{"line":66,"column":2},"end":{"line":72,"column":null}},"type":"if","locations":[{"start":{"line":66,"column":2},"end":{"line":72,"column":null}},{"start":{},"end":{}}],"line":66},"4":{"loc":{"start":{"line":75,"column":2},"end":{"line":80,"column":null}},"type":"if","locations":[{"start":{"line":75,"column":2},"end":{"line":80,"column":null}},{"start":{},"end":{}}],"line":75},"5":{"loc":{"start":{"line":82,"column":2},"end":{"line":87,"column":null}},"type":"if","locations":[{"start":{"line":82,"column":2},"end":{"line":87,"column":null}},{"start":{},"end":{}}],"line":82},"6":{"loc":{"start":{"line":89,"column":2},"end":{"line":94,"column":null}},"type":"if","locations":[{"start":{"line":89,"column":2},"end":{"line":94,"column":null}},{"start":{},"end":{}}],"line":89},"7":{"loc":{"start":{"line":118,"column":2},"end":{"line":129,"column":null}},"type":"if","locations":[{"start":{"line":118,"column":2},"end":{"line":129,"column":null}},{"start":{},"end":{}}],"line":118},"8":{"loc":{"start":{"line":123,"column":24},"end":{"line":123,"column":null}},"type":"cond-expr","locations":[{"start":{"line":123,"column":38},"end":{"line":123,"column":56}},{"start":{"line":123,"column":56},"end":{"line":123,"column":null}}],"line":123},"9":{"loc":{"start":{"line":132,"column":2},"end":{"line":137,"column":null}},"type":"if","locations":[{"start":{"line":132,"column":2},"end":{"line":137,"column":null}},{"start":{},"end":{}}],"line":132},"10":{"loc":{"start":{"line":139,"column":2},"end":{"line":144,"column":null}},"type":"if","locations":[{"start":{"line":139,"column":2},"end":{"line":144,"column":null}},{"start":{},"end":{}}],"line":139},"11":{"loc":{"start":{"line":146,"column":2},"end":{"line":151,"column":null}},"type":"if","locations":[{"start":{"line":146,"column":2},"end":{"line":151,"column":null}},{"start":{},"end":{}}],"line":146},"12":{"loc":{"start":{"line":154,"column":21},"end":{"line":154,"column":null}},"type":"binary-expr","locations":[{"start":{"line":154,"column":21},"end":{"line":154,"column":41}},{"start":{"line":154,"column":41},"end":{"line":154,"column":null}}],"line":154},"13":{"loc":{"start":{"line":155,"column":25},"end":{"line":155,"column":null}},"type":"cond-expr","locations":[{"start":{"line":155,"column":41},"end":{"line":155,"column":46}},{"start":{"line":155,"column":46},"end":{"line":155,"column":null}}],"line":155},"14":{"loc":{"start":{"line":177,"column":2},"end":{"line":179,"column":null}},"type":"if","locations":[{"start":{"line":177,"column":2},"end":{"line":179,"column":null}},{"start":{},"end":{}}],"line":177},"15":{"loc":{"start":{"line":202,"column":18},"end":{"line":202,"column":null}},"type":"cond-expr","locations":[{"start":{"line":202,"column":34},"end":{"line":202,"column":40}},{"start":{"line":202,"column":40},"end":{"line":202,"column":null}}],"line":202},"16":{"loc":{"start":{"line":207,"column":18},"end":{"line":207,"column":null}},"type":"cond-expr","locations":[{"start":{"line":207,"column":34},"end":{"line":207,"column":40}},{"start":{"line":207,"column":40},"end":{"line":207,"column":null}}],"line":207},"17":{"loc":{"start":{"line":236,"column":2},"end":{"line":236,"column":null}},"type":"if","locations":[{"start":{"line":236,"column":2},"end":{"line":236,"column":null}},{"start":{},"end":{}}],"line":236},"18":{"loc":{"start":{"line":238,"column":9},"end":{"line":238,"column":null}},"type":"cond-expr","locations":[{"start":{"line":238,"column":28},"end":{"line":238,"column":47}},{"start":{"line":238,"column":47},"end":{"line":238,"column":null}}],"line":238},"19":{"loc":{"start":{"line":250,"column":32},"end":{"line":250,"column":59}},"type":"cond-expr","locations":[{"start":{"line":250,"column":42},"end":{"line":250,"column":52}},{"start":{"line":250,"column":52},"end":{"line":250,"column":59}}],"line":250},"20":{"loc":{"start":{"line":264,"column":2},"end":{"line":279,"column":null}},"type":"if","locations":[{"start":{"line":264,"column":2},"end":{"line":279,"column":null}},{"start":{},"end":{}}],"line":264},"21":{"loc":{"start":{"line":269,"column":4},"end":{"line":278,"column":null}},"type":"if","locations":[{"start":{"line":269,"column":4},"end":{"line":278,"column":null}},{"start":{"line":274,"column":11},"end":{"line":278,"column":null}}],"line":269},"22":{"loc":{"start":{"line":271,"column":6},"end":{"line":273,"column":null}},"type":"if","locations":[{"start":{"line":271,"column":6},"end":{"line":273,"column":null}},{"start":{},"end":{}}],"line":271},"23":{"loc":{"start":{"line":283,"column":2},"end":{"line":298,"column":null}},"type":"if","locations":[{"start":{"line":283,"column":2},"end":{"line":298,"column":null}},{"start":{},"end":{}}],"line":283},"24":{"loc":{"start":{"line":288,"column":4},"end":{"line":297,"column":null}},"type":"if","locations":[{"start":{"line":288,"column":4},"end":{"line":297,"column":null}},{"start":{"line":293,"column":11},"end":{"line":297,"column":null}}],"line":288},"25":{"loc":{"start":{"line":290,"column":6},"end":{"line":292,"column":null}},"type":"if","locations":[{"start":{"line":290,"column":6},"end":{"line":292,"column":null}},{"start":{},"end":{}}],"line":290},"26":{"loc":{"start":{"line":303,"column":26},"end":{"line":303,"column":null}},"type":"binary-expr","locations":[{"start":{"line":303,"column":26},"end":{"line":303,"column":59}},{"start":{"line":303,"column":59},"end":{"line":303,"column":null}}],"line":303},"27":{"loc":{"start":{"line":305,"column":4},"end":{"line":307,"column":null}},"type":"if","locations":[{"start":{"line":305,"column":4},"end":{"line":307,"column":null}},{"start":{},"end":{}}],"line":305}},"s":{"0":5,"1":5,"2":5,"3":58,"4":19,"5":39,"6":39,"7":20,"8":37,"9":163,"10":36,"11":35,"12":35,"13":35,"14":2,"15":6,"16":2,"17":22,"18":12,"19":12,"20":12,"21":3,"22":3,"23":9,"24":4,"25":5,"26":2,"27":3,"28":1,"29":2,"30":20,"31":5,"32":2,"33":15,"34":15,"35":15,"36":5,"37":5,"38":5,"39":10,"40":4,"41":6,"42":2,"43":4,"44":1,"45":3,"46":15,"47":15,"48":15,"49":4,"50":2,"51":1,"52":1,"53":1,"54":3,"55":3,"56":3,"57":3,"58":3,"59":3,"60":3,"61":0,"62":0,"63":0,"64":0,"65":0,"66":0,"67":0,"68":0,"69":0,"70":0,"71":0,"72":0,"73":0,"74":0,"75":0,"76":0,"77":0,"78":0,"79":0,"80":0,"81":0,"82":0,"83":0,"84":0,"85":0,"86":0,"87":0,"88":0,"89":0,"90":0,"91":0,"92":0,"93":0,"94":0,"95":0,"96":0,"97":0,"98":0,"99":0,"100":0,"101":0,"102":0,"103":0,"104":0,"105":0,"106":0,"107":0,"108":0,"109":0,"110":0},"f":{"0":58,"1":37,"2":163,"3":36,"4":35,"5":2,"6":6,"7":22,"8":12,"9":20,"10":5,"11":15,"12":4,"13":2,"14":1,"15":3,"16":3,"17":0,"18":0,"19":0,"20":0,"21":0,"22":0,"23":0,"24":0,"25":0},"b":{"0":[19,39],"1":[19,20],"2":[22,12],"3":[3,9],"4":[4,5],"5":[2,3],"6":[1,2],"7":[5,10],"8":[4,1],"9":[4,6],"10":[2,4],"11":[1,3],"12":[3,1],"13":[2,1],"14":[1,1],"15":[2,1],"16":[2,1],"17":[0,0],"18":[0,0],"19":[0,0],"20":[0,0],"21":[0,0],"22":[0,0],"23":[0,0],"24":[0,0],"25":[0,0],"26":[0,0],"27":[0,0]},"meta":{"lastBranch":28,"lastFunction":26,"lastStatement":111,"seen":{"s:8:50:12:Infinity":0,"s:14:50:18:Infinity":1,"s:20:31:20:Infinity":2,"f:22:16:22:31":0,"b:23:2:23:Infinity:undefined:undefined:undefined:undefined":0,"s:23:2:23:Infinity":3,"s:23:21:23:Infinity":4,"b:24:2:24:Infinity:undefined:undefined:undefined:undefined":1,"s:24:2:24:Infinity":5,"s:24:21:24:Infinity":6,"s:25:2:25:Infinity":7,"f:28:16:28:29":1,"s:29:2:29:Infinity":8,"f:29:30:29:31":2,"s:29:44:29:60":9,"f:32:16:32:35":3,"s:33:2:33:Infinity":10,"f:36:16:36:32":4,"s:37:20:37:Infinity":11,"s:38:22:38:Infinity":12,"s:39:2:39:Infinity":13,"f:42:16:42:29":5,"s:43:19:43:Infinity":14,"f:43:38:43:39":6,"s:43:45:43:54":15,"s:44:2:44:Infinity":16,"f:47:16:47:30":7,"s:48:2:49:Infinity":17,"b:48:9:48:Infinity:49:9:49:Infinity":2,"f:57:16:57:Infinity":8,"s:63:18:63:Infinity":18,"s:64:28:64:Infinity":19,"b:66:2:72:Infinity:undefined:undefined:undefined:undefined":3,"s:66:2:72:Infinity":20,"s:67:22:67:Infinity":21,"s:68:4:71:Infinity":22,"b:75:2:80:Infinity:undefined:undefined:undefined:undefined":4,"s:75:2:80:Infinity":23,"s:76:4:79:Infinity":24,"b:82:2:87:Infinity:undefined:undefined:undefined:undefined":5,"s:82:2:87:Infinity":25,"s:83:4:86:Infinity":26,"b:89:2:94:Infinity:undefined:undefined:undefined:undefined":6,"s:89:2:94:Infinity":27,"s:90:4:93:Infinity":28,"s:97:19:97:Infinity":29,"f:97:52:97:57":9,"s:97:57:97:68":30,"f:97:74:97:79":10,"s:97:79:97:85":31,"s:98:2:106:Infinity":32,"f:109:16:109:Infinity":11,"s:115:18:115:Infinity":33,"s:116:46:116:Infinity":34,"b:118:2:129:Infinity:undefined:undefined:undefined:undefined":7,"s:118:2:129:Infinity":35,"s:119:22:119:Infinity":36,"s:120:32:124:Infinity":37,"b:123:38:123:56:123:56:123:Infinity":8,"s:125:4:128:Infinity":38,"b:132:2:137:Infinity:undefined:undefined:undefined:undefined":9,"s:132:2:137:Infinity":39,"s:133:4:136:Infinity":40,"b:139:2:144:Infinity:undefined:undefined:undefined:undefined":10,"s:139:2:144:Infinity":41,"s:140:4:143:Infinity":42,"b:146:2:151:Infinity:undefined:undefined:undefined:undefined":11,"s:146:2:151:Infinity":43,"s:147:4:150:Infinity":44,"s:154:21:154:Infinity":45,"b:154:21:154:41:154:41:154:Infinity":12,"s:155:25:155:Infinity":46,"b:155:41:155:46:155:46:155:Infinity":13,"s:156:22:156:Infinity":47,"s:157:2:165:Infinity":48,"f:168:16:168:39":12,"s:169:2:169:Infinity":49,"f:172:16:172:Infinity":13,"b:177:2:179:Infinity:undefined:undefined:undefined:undefined":14,"s:177:2:179:Infinity":50,"s:178:4:178:Infinity":51,"s:180:2:180:Infinity":52,"f:183:16:183:Infinity":14,"s:188:2:193:Infinity":53,"f:196:16:196:28":15,"s:198:23:198:Infinity":54,"s:200:23:200:Infinity":55,"s:202:18:202:Infinity":56,"b:202:34:202:40:202:40:202:Infinity":15,"s:203:2:203:Infinity":57,"f:206:16:206:29":16,"s:207:18:207:Infinity":58,"b:207:34:207:40:207:40:207:Infinity":16,"s:208:22:208:Infinity":59,"s:209:2:216:Infinity":60,"f:230:9:230:Infinity":17,"s:235:19:235:Infinity":61,"f:235:38:235:39":18,"s:235:45:235:54":62,"b:236:2:236:Infinity:undefined:undefined:undefined:undefined":17,"s:236:2:236:Infinity":63,"s:236:17:236:Infinity":64,"s:237:17:237:Infinity":65,"s:238:2:238:Infinity":66,"b:238:28:238:47:238:47:238:Infinity":18,"f:241:9:241:29":19,"s:242:2:242:Infinity":67,"f:242:20:242:21":20,"s:242:27:242:54":68,"f:245:9:245:22":21,"s:246:21:249:Infinity":69,"s:250:2:250:Infinity":70,"b:250:42:250:52:250:52:250:59":19,"f:253:16:253:Infinity":22,"s:258:21:258:Infinity":71,"s:259:19:259:Infinity":72,"s:260:24:260:Infinity":73,"s:263:21:263:Infinity":74,"f:263:44:263:45":23,"s:263:51:263:66":75,"b:264:2:279:Infinity:undefined:undefined:undefined:undefined":20,"s:264:2:279:Infinity":76,"s:265:19:265:Infinity":77,"s:266:25:266:Infinity":78,"s:267:16:267:Infinity":79,"b:269:4:278:Infinity:274:11:278:Infinity":21,"s:269:4:278:Infinity":80,"s:270:24:270:Infinity":81,"b:271:6:273:Infinity:undefined:undefined:undefined:undefined":22,"s:271:6:273:Infinity":82,"s:272:8:272:Infinity":83,"s:275:24:275:Infinity":84,"s:276:21:276:Infinity":85,"s:277:6:277:Infinity":86,"s:282:21:282:Infinity":87,"f:282:44:282:45":24,"s:282:51:282:66":88,"b:283:2:298:Infinity:undefined:undefined:undefined:undefined":23,"s:283:2:298:Infinity":89,"s:284:19:284:Infinity":90,"s:285:25:285:Infinity":91,"s:286:16:286:Infinity":92,"b:288:4:297:Infinity:293:11:297:Infinity":24,"s:288:4:297:Infinity":93,"s:289:24:289:Infinity":94,"b:290:6:292:Infinity:undefined:undefined:undefined:undefined":25,"s:290:6:292:Infinity":95,"s:291:8:291:Infinity":96,"s:294:24:294:Infinity":97,"s:295:21:295:Infinity":98,"s:296:6:296:Infinity":99,"s:301:2:308:Infinity":100,"f:301:52:301:53":25,"s:301:59:301:74":101,"s:302:17:302:Infinity":102,"s:303:26:303:Infinity":103,"b:303:26:303:59:303:59:303:Infinity":26,"s:304:22:304:Infinity":104,"b:305:4:307:Infinity:undefined:undefined:undefined:undefined":27,"s:305:4:307:Infinity":105,"s:306:6:306:Infinity":106,"s:311:23:311:Infinity":107,"s:312:2:312:Infinity":108,"s:313:2:313:Infinity":109,"s:315:2:315:Infinity":110}}}
,"/Users/colin/Code/gzclp-tracker/src/lib/types.ts": {"path":"/Users/colin/Code/gzclp-tracker/src/lib/types.ts","statementMap":{"0":{"start":{"line":98,"column":89},"end":{"line":103,"column":null}},"1":{"start":{"line":105,"column":45},"end":{"line":110,"column":null}},"2":{"start":{"line":112,"column":56},"end":{"line":115,"column":null}},"3":{"start":{"line":117,"column":44},"end":{"line":117,"column":null}}},"fnMap":{},"branchMap":{},"s":{"0":5,"1":5,"2":5,"3":5},"f":{},"b":{},"meta":{"lastBranch":0,"lastFunction":0,"lastStatement":4,"seen":{"s:98:89:103:Infinity":0,"s:105:45:110:Infinity":1,"s:112:56:115:Infinity":2,"s:117:44:117:Infinity":3}}}
,"/Users/colin/Code/gzclp-tracker/src/lib/units.ts": {"path":"/Users/colin/Code/gzclp-tracker/src/lib/units.ts","statementMap":{"0":{"start":{"line":3,"column":27},"end":{"line":24,"column":null}},"1":{"start":{"line":27,"column":2},"end":{"line":27,"column":null}},"2":{"start":{"line":31,"column":17},"end":{"line":31,"column":null}},"3":{"start":{"line":32,"column":2},"end":{"line":34,"column":null}},"4":{"start":{"line":33,"column":4},"end":{"line":33,"column":null}},"5":{"start":{"line":35,"column":2},"end":{"line":35,"column":null}},"6":{"start":{"line":39,"column":17},"end":{"line":39,"column":null}},"7":{"start":{"line":40,"column":44},"end":{"line":40,"column":null}},"8":{"start":{"line":41,"column":2},"end":{"line":43,"column":null}},"9":{"start":{"line":42,"column":4},"end":{"line":42,"column":null}},"10":{"start":{"line":44,"column":2},"end":{"line":44,"column":null}},"11":{"start":{"line":48,"column":17},"end":{"line":48,"column":null}},"12":{"start":{"line":49,"column":2},"end":{"line":53,"column":null}},"13":{"start":{"line":57,"column":2},"end":{"line":66,"column":null}},"14":{"start":{"line":58,"column":4},"end":{"line":65,"column":null}},"15":{"start":{"line":67,"column":2},"end":{"line":74,"column":null}}},"fnMap":{"0":{"name":"formatWeight","decl":{"start":{"line":26,"column":16},"end":{"line":26,"column":29}},"loc":{"start":{"line":26,"column":71},"end":{"line":28,"column":null}},"line":26},"1":{"name":"getIncrement","decl":{"start":{"line":30,"column":16},"end":{"line":30,"column":29}},"loc":{"start":{"line":30,"column":92},"end":{"line":36,"column":null}},"line":30},"2":{"name":"getDefaultPlateInventory","decl":{"start":{"line":38,"column":16},"end":{"line":38,"column":41}},"loc":{"start":{"line":38,"column":83},"end":{"line":45,"column":null}},"line":38},"3":{"name":"getDefaultSettings","decl":{"start":{"line":47,"column":16},"end":{"line":47,"column":35}},"loc":{"start":{"line":47,"column":53},"end":{"line":54,"column":null}},"line":47},"4":{"name":"getDefaultStartingWeights","decl":{"start":{"line":56,"column":16},"end":{"line":56,"column":42}},"loc":{"start":{"line":56,"column":60},"end":{"line":75,"column":null}},"line":56}},"branchMap":{"0":{"loc":{"start":{"line":32,"column":2},"end":{"line":34,"column":null}},"type":"if","locations":[{"start":{"line":32,"column":2},"end":{"line":34,"column":null}},{"start":{},"end":{}}],"line":32},"1":{"loc":{"start":{"line":33,"column":11},"end":{"line":33,"column":null}},"type":"cond-expr","locations":[{"start":{"line":33,"column":21},"end":{"line":33,"column":47}},{"start":{"line":33,"column":47},"end":{"line":33,"column":null}}],"line":33},"2":{"loc":{"start":{"line":35,"column":9},"end":{"line":35,"column":null}},"type":"cond-expr","locations":[{"start":{"line":35,"column":19},"end":{"line":35,"column":45}},{"start":{"line":35,"column":45},"end":{"line":35,"column":null}}],"line":35},"3":{"loc":{"start":{"line":57,"column":2},"end":{"line":66,"column":null}},"type":"if","locations":[{"start":{"line":57,"column":2},"end":{"line":66,"column":null}},{"start":{},"end":{}}],"line":57}},"s":{"0":1,"1":3,"2":8,"3":8,"4":4,"5":4,"6":4,"7":4,"8":4,"9":26,"10":4,"11":2,"12":2,"13":2,"14":1,"15":1},"f":{"0":3,"1":8,"2":4,"3":2,"4":2},"b":{"0":[4,4],"1":[2,2],"2":[2,2],"3":[1,1]},"meta":{"lastBranch":4,"lastFunction":5,"lastStatement":16,"seen":{"s:3:27:24:Infinity":0,"f:26:16:26:29":0,"s:27:2:27:Infinity":1,"f:30:16:30:29":1,"s:31:17:31:Infinity":2,"b:32:2:34:Infinity:undefined:undefined:undefined:undefined":0,"s:32:2:34:Infinity":3,"s:33:4:33:Infinity":4,"b:33:21:33:47:33:47:33:Infinity":1,"s:35:2:35:Infinity":5,"b:35:19:35:45:35:45:35:Infinity":2,"f:38:16:38:41":2,"s:39:17:39:Infinity":6,"s:40:44:40:Infinity":7,"s:41:2:43:Infinity":8,"s:42:4:42:Infinity":9,"s:44:2:44:Infinity":10,"f:47:16:47:35":3,"s:48:17:48:Infinity":11,"s:49:2:53:Infinity":12,"f:56:16:56:42":4,"b:57:2:66:Infinity:undefined:undefined:undefined:undefined":3,"s:57:2:66:Infinity":13,"s:58:4:65:Infinity":14,"s:67:2:74:Infinity":15}}}
,"/Users/colin/Code/gzclp-tracker/src/lib/warmup.ts": {"path":"/Users/colin/Code/gzclp-tracker/src/lib/warmup.ts","statementMap":{"0":{"start":{"line":12,"column":25},"end":{"line":12,"column":null}},"1":{"start":{"line":13,"column":26},"end":{"line":13,"column":null}},"2":{"start":{"line":19,"column":23},"end":{"line":19,"column":null}},"3":{"start":{"line":20,"column":43},"end":{"line":20,"column":null}},"4":{"start":{"line":22,"column":2},"end":{"line":27,"column":null}},"5":{"start":{"line":23,"column":16},"end":{"line":23,"column":null}},"6":{"start":{"line":24,"column":4},"end":{"line":26,"column":null}},"7":{"start":{"line":25,"column":6},"end":{"line":25,"column":null}},"8":{"start":{"line":29,"column":2},"end":{"line":29,"column":null}},"9":{"start":{"line":39,"column":8},"end":{"line":39,"column":null}},"10":{"start":{"line":40,"column":2},"end":{"line":40,"column":null}},"11":{"start":{"line":40,"column":26},"end":{"line":40,"column":null}},"12":{"start":{"line":43,"column":26},"end":{"line":46,"column":null}},"13":{"start":{"line":44,"column":26},"end":{"line":44,"column":33}},"14":{"start":{"line":45,"column":23},"end":{"line":45,"column":41}},"15":{"start":{"line":46,"column":20},"end":{"line":46,"column":25}},"16":{"start":{"line":48,"column":28},"end":{"line":48,"column":null}},"17":{"start":{"line":49,"column":18},"end":{"line":49,"column":null}},"18":{"start":{"line":52,"column":2},"end":{"line":60,"column":null}},"19":{"start":{"line":53,"column":23},"end":{"line":53,"column":null}},"20":{"start":{"line":54,"column":15},"end":{"line":54,"column":null}},"21":{"start":{"line":55,"column":4},"end":{"line":59,"column":null}},"22":{"start":{"line":56,"column":6},"end":{"line":56,"column":null}},"23":{"start":{"line":57,"column":6},"end":{"line":57,"column":null}},"24":{"start":{"line":58,"column":6},"end":{"line":58,"column":null}},"25":{"start":{"line":63,"column":2},"end":{"line":63,"column":null}},"26":{"start":{"line":63,"column":32},"end":{"line":63,"column":37}},"27":{"start":{"line":71,"column":2},"end":{"line":71,"column":null}},"28":{"start":{"line":71,"column":32},"end":{"line":71,"column":null}},"29":{"start":{"line":74,"column":23},"end":{"line":74,"column":null}},"30":{"start":{"line":74,"column":62},"end":{"line":74,"column":67}},"31":{"start":{"line":77,"column":20},"end":{"line":77,"column":null}},"32":{"start":{"line":78,"column":2},"end":{"line":80,"column":null}},"33":{"start":{"line":79,"column":4},"end":{"line":79,"column":null}},"34":{"start":{"line":83,"column":27},"end":{"line":83,"column":null}},"35":{"start":{"line":84,"column":18},"end":{"line":84,"column":null}},"36":{"start":{"line":86,"column":2},"end":{"line":94,"column":null}},"37":{"start":{"line":87,"column":21},"end":{"line":87,"column":null}},"38":{"start":{"line":88,"column":15},"end":{"line":88,"column":null}},"39":{"start":{"line":89,"column":4},"end":{"line":93,"column":null}},"40":{"start":{"line":90,"column":6},"end":{"line":90,"column":null}},"41":{"start":{"line":91,"column":6},"end":{"line":91,"column":null}},"42":{"start":{"line":92,"column":6},"end":{"line":92,"column":null}},"43":{"start":{"line":96,"column":2},"end":{"line":96,"column":null}},"44":{"start":{"line":105,"column":28},"end":{"line":105,"column":null}},"45":{"start":{"line":108,"column":2},"end":{"line":114,"column":null}},"46":{"start":{"line":115,"column":2},"end":{"line":121,"column":null}},"47":{"start":{"line":125,"column":26},"end":{"line":125,"column":null}},"48":{"start":{"line":126,"column":25},"end":{"line":126,"column":null}},"49":{"start":{"line":128,"column":2},"end":{"line":128,"column":null}},"50":{"start":{"line":128,"column":35},"end":{"line":128,"column":null}},"51":{"start":{"line":130,"column":20},"end":{"line":130,"column":null}},"52":{"start":{"line":131,"column":2},"end":{"line":131,"column":null}},"53":{"start":{"line":131,"column":30},"end":{"line":131,"column":null}},"54":{"start":{"line":134,"column":22},"end":{"line":137,"column":null}},"55":{"start":{"line":139,"column":2},"end":{"line":158,"column":null}},"56":{"start":{"line":140,"column":25},"end":{"line":140,"column":null}},"57":{"start":{"line":141,"column":4},"end":{"line":141,"column":null}},"58":{"start":{"line":141,"column":35},"end":{"line":141,"column":null}},"59":{"start":{"line":143,"column":10},"end":{"line":143,"column":null}},"60":{"start":{"line":144,"column":19},"end":{"line":144,"column":null}},"61":{"start":{"line":146,"column":4},"end":{"line":146,"column":null}},"62":{"start":{"line":146,"column":29},"end":{"line":146,"column":null}},"63":{"start":{"line":148,"column":26},"end":{"line":148,"column":null}},"64":{"start":{"line":148,"column":52},"end":{"line":148,"column":61}},"65":{"start":{"line":149,"column":25},"end":{"line":149,"column":null}},"66":{"start":{"line":151,"column":4},"end":{"line":157,"column":null}},"67":{"start":{"line":161,"column":26},"end":{"line":161,"column":null}},"68":{"start":{"line":161,"column":55},"end":{"line":161,"column":64}},"69":{"start":{"line":162,"column":25},"end":{"line":162,"column":null}},"70":{"start":{"line":164,"column":2},"end":{"line":170,"column":null}},"71":{"start":{"line":172,"column":2},"end":{"line":172,"column":null}}},"fnMap":{"0":{"name":"getWarmupPlateInventory","decl":{"start":{"line":15,"column":9},"end":{"line":15,"column":null}},"loc":{"start":{"line":18,"column":26},"end":{"line":30,"column":null}},"line":18},"1":{"name":"calculateWarmupPlates","decl":{"start":{"line":34,"column":9},"end":{"line":34,"column":null}},"loc":{"start":{"line":38,"column":12},"end":{"line":64,"column":null}},"line":38},"2":{"name":"(anonymous_2)","decl":{"start":{"line":44,"column":12},"end":{"line":44,"column":13}},"loc":{"start":{"line":44,"column":26},"end":{"line":44,"column":33}},"line":44},"3":{"name":"(anonymous_3)","decl":{"start":{"line":45,"column":9},"end":{"line":45,"column":10}},"loc":{"start":{"line":45,"column":23},"end":{"line":45,"column":41}},"line":45},"4":{"name":"(anonymous_4)","decl":{"start":{"line":46,"column":10},"end":{"line":46,"column":11}},"loc":{"start":{"line":46,"column":20},"end":{"line":46,"column":25}},"line":46},"5":{"name":"(anonymous_5)","decl":{"start":{"line":63,"column":22},"end":{"line":63,"column":23}},"loc":{"start":{"line":63,"column":32},"end":{"line":63,"column":37}},"line":63},"6":{"name":"findBestSubset","decl":{"start":{"line":67,"column":9},"end":{"line":67,"column":null}},"loc":{"start":{"line":70,"column":12},"end":{"line":97,"column":null}},"line":70},"7":{"name":"(anonymous_7)","decl":{"start":{"line":74,"column":52},"end":{"line":74,"column":53}},"loc":{"start":{"line":74,"column":62},"end":{"line":74,"column":67}},"line":74},"8":{"name":"calculateWarmupSets","decl":{"start":{"line":99,"column":16},"end":{"line":99,"column":null}},"loc":{"start":{"line":104,"column":15},"end":{"line":173,"column":null}},"line":104},"9":{"name":"(anonymous_9)","decl":{"start":{"line":148,"column":40},"end":{"line":148,"column":41}},"loc":{"start":{"line":148,"column":52},"end":{"line":148,"column":61}},"line":148},"10":{"name":"(anonymous_10)","decl":{"start":{"line":161,"column":43},"end":{"line":161,"column":44}},"loc":{"start":{"line":161,"column":55},"end":{"line":161,"column":64}},"line":161}},"branchMap":{"0":{"loc":{"start":{"line":19,"column":23},"end":{"line":19,"column":null}},"type":"cond-expr","locations":[{"start":{"line":19,"column":39},"end":{"line":19,"column":58}},{"start":{"line":19,"column":58},"end":{"line":19,"column":null}}],"line":19},"1":{"loc":{"start":{"line":24,"column":4},"end":{"line":26,"column":null}},"type":"if","locations":[{"start":{"line":24,"column":4},"end":{"line":26,"column":null}},{"start":{},"end":{}}],"line":24},"2":{"loc":{"start":{"line":24,"column":8},"end":{"line":24,"column":56}},"type":"binary-expr","locations":[{"start":{"line":24,"column":8},"end":{"line":24,"column":31}},{"start":{"line":24,"column":31},"end":{"line":24,"column":56}}],"line":24},"3":{"loc":{"start":{"line":40,"column":2},"end":{"line":40,"column":null}},"type":"if","locations":[{"start":{"line":40,"column":2},"end":{"line":40,"column":null}},{"start":{},"end":{}}],"line":40},"4":{"loc":{"start":{"line":53,"column":35},"end":{"line":53,"column":76}},"type":"binary-expr","locations":[{"start":{"line":53,"column":35},"end":{"line":53,"column":71}},{"start":{"line":53,"column":71},"end":{"line":53,"column":76}}],"line":53},"5":{"loc":{"start":{"line":55,"column":11},"end":{"line":55,"column":60}},"type":"binary-expr","locations":[{"start":{"line":55,"column":11},"end":{"line":55,"column":41}},{"start":{"line":55,"column":41},"end":{"line":55,"column":60}}],"line":55},"6":{"loc":{"start":{"line":71,"column":2},"end":{"line":71,"column":null}},"type":"if","locations":[{"start":{"line":71,"column":2},"end":{"line":71,"column":null}},{"start":{},"end":{}}],"line":71},"7":{"loc":{"start":{"line":79,"column":22},"end":{"line":79,"column":47}},"type":"binary-expr","locations":[{"start":{"line":79,"column":22},"end":{"line":79,"column":42}},{"start":{"line":79,"column":42},"end":{"line":79,"column":47}}],"line":79},"8":{"loc":{"start":{"line":87,"column":21},"end":{"line":87,"column":null}},"type":"binary-expr","locations":[{"start":{"line":87,"column":21},"end":{"line":87,"column":45}},{"start":{"line":87,"column":45},"end":{"line":87,"column":null}}],"line":87},"9":{"loc":{"start":{"line":89,"column":11},"end":{"line":89,"column":50}},"type":"binary-expr","locations":[{"start":{"line":89,"column":11},"end":{"line":89,"column":33}},{"start":{"line":89,"column":33},"end":{"line":89,"column":50}}],"line":89},"10":{"loc":{"start":{"line":128,"column":2},"end":{"line":128,"column":null}},"type":"if","locations":[{"start":{"line":128,"column":2},"end":{"line":128,"column":null}},{"start":{},"end":{}}],"line":128},"11":{"loc":{"start":{"line":131,"column":2},"end":{"line":131,"column":null}},"type":"if","locations":[{"start":{"line":131,"column":2},"end":{"line":131,"column":null}},{"start":{},"end":{}}],"line":131},"12":{"loc":{"start":{"line":141,"column":4},"end":{"line":141,"column":null}},"type":"if","locations":[{"start":{"line":141,"column":4},"end":{"line":141,"column":null}},{"start":{},"end":{}}],"line":141},"13":{"loc":{"start":{"line":146,"column":4},"end":{"line":146,"column":null}},"type":"if","locations":[{"start":{"line":146,"column":4},"end":{"line":146,"column":null}},{"start":{},"end":{}}],"line":146}},"s":{"0":1,"1":1,"2":15,"3":15,"4":15,"5":60,"6":60,"7":60,"8":15,"9":15,"10":15,"11":0,"12":15,"13":60,"14":60,"15":45,"16":15,"17":15,"18":15,"19":60,"20":60,"21":60,"22":51,"23":51,"24":51,"25":15,"26":72,"27":22,"28":0,"29":22,"30":22,"31":22,"32":22,"33":78,"34":22,"35":22,"36":22,"37":44,"38":44,"39":44,"40":31,"41":31,"42":31,"43":22,"44":15,"45":15,"46":15,"47":15,"48":15,"49":15,"50":0,"51":15,"52":15,"53":0,"54":15,"55":15,"56":30,"57":30,"58":8,"59":22,"60":22,"61":22,"62":1,"63":21,"64":31,"65":21,"66":21,"67":15,"68":51,"69":15,"70":15,"71":15},"f":{"0":15,"1":15,"2":60,"3":60,"4":45,"5":72,"6":22,"7":22,"8":15,"9":31,"10":51},"b":{"0":[2,13],"1":[60,0],"2":[60,60],"3":[0,15],"4":[60,0],"5":[60,69],"6":[0,22],"7":[78,44],"8":[44,0],"9":[44,31],"10":[0,15],"11":[0,15],"12":[8,22],"13":[1,21]},"meta":{"lastBranch":14,"lastFunction":11,"lastStatement":72,"seen":{"s:12:25:12:Infinity":0,"s:13:26:13:Infinity":1,"f:15:9:15:Infinity":0,"s:19:23:19:Infinity":2,"b:19:39:19:58:19:58:19:Infinity":0,"s:20:43:20:Infinity":3,"s:22:2:27:Infinity":4,"s:23:16:23:Infinity":5,"b:24:4:26:Infinity:undefined:undefined:undefined:undefined":1,"s:24:4:26:Infinity":6,"b:24:8:24:31:24:31:24:56":2,"s:25:6:25:Infinity":7,"s:29:2:29:Infinity":8,"f:34:9:34:Infinity":1,"s:39:8:39:Infinity":9,"b:40:2:40:Infinity:undefined:undefined:undefined:undefined":3,"s:40:2:40:Infinity":10,"s:40:26:40:Infinity":11,"s:43:26:46:Infinity":12,"f:44:12:44:13":2,"s:44:26:44:33":13,"f:45:9:45:10":3,"s:45:23:45:41":14,"f:46:10:46:11":4,"s:46:20:46:25":15,"s:48:28:48:Infinity":16,"s:49:18:49:Infinity":17,"s:52:2:60:Infinity":18,"s:53:23:53:Infinity":19,"b:53:35:53:71:53:71:53:76":4,"s:54:15:54:Infinity":20,"s:55:4:59:Infinity":21,"b:55:11:55:41:55:41:55:60":5,"s:56:6:56:Infinity":22,"s:57:6:57:Infinity":23,"s:58:6:58:Infinity":24,"s:63:2:63:Infinity":25,"f:63:22:63:23":5,"s:63:32:63:37":26,"f:67:9:67:Infinity":6,"b:71:2:71:Infinity:undefined:undefined:undefined:undefined":6,"s:71:2:71:Infinity":27,"s:71:32:71:Infinity":28,"s:74:23:74:Infinity":29,"f:74:52:74:53":7,"s:74:62:74:67":30,"s:77:20:77:Infinity":31,"s:78:2:80:Infinity":32,"s:79:4:79:Infinity":33,"b:79:22:79:42:79:42:79:47":7,"s:83:27:83:Infinity":34,"s:84:18:84:Infinity":35,"s:86:2:94:Infinity":36,"s:87:21:87:Infinity":37,"b:87:21:87:45:87:45:87:Infinity":8,"s:88:15:88:Infinity":38,"s:89:4:93:Infinity":39,"b:89:11:89:33:89:33:89:50":9,"s:90:6:90:Infinity":40,"s:91:6:91:Infinity":41,"s:92:6:92:Infinity":42,"s:96:2:96:Infinity":43,"f:99:16:99:Infinity":8,"s:105:28:105:Infinity":44,"s:108:2:114:Infinity":45,"s:115:2:121:Infinity":46,"s:125:26:125:Infinity":47,"s:126:25:126:Infinity":48,"b:128:2:128:Infinity:undefined:undefined:undefined:undefined":10,"s:128:2:128:Infinity":49,"s:128:35:128:Infinity":50,"s:130:20:130:Infinity":51,"b:131:2:131:Infinity:undefined:undefined:undefined:undefined":11,"s:131:2:131:Infinity":52,"s:131:30:131:Infinity":53,"s:134:22:137:Infinity":54,"s:139:2:158:Infinity":55,"s:140:25:140:Infinity":56,"b:141:4:141:Infinity:undefined:undefined:undefined:undefined":12,"s:141:4:141:Infinity":57,"s:141:35:141:Infinity":58,"s:143:10:143:Infinity":59,"s:144:19:144:Infinity":60,"b:146:4:146:Infinity:undefined:undefined:undefined:undefined":13,"s:146:4:146:Infinity":61,"s:146:29:146:Infinity":62,"s:148:26:148:Infinity":63,"f:148:40:148:41":9,"s:148:52:148:61":64,"s:149:25:149:Infinity":65,"s:151:4:157:Infinity":66,"s:161:26:161:Infinity":67,"f:161:43:161:44":10,"s:161:55:161:64":68,"s:162:25:162:Infinity":69,"s:164:2:170:Infinity":70,"s:172:2:172:Infinity":71}}}
,"/Users/colin/Code/gzclp-tracker/src/lib/workoutStats.ts": {"path":"/Users/colin/Code/gzclp-tracker/src/lib/workoutStats.ts","statementMap":{"0":{"start":{"line":24,"column":22},"end":{"line":24,"column":null}},"1":{"start":{"line":25,"column":21},"end":{"line":25,"column":null}},"2":{"start":{"line":26,"column":18},"end":{"line":26,"column":null}},"3":{"start":{"line":27,"column":18},"end":{"line":27,"column":null}},"4":{"start":{"line":28,"column":22},"end":{"line":28,"column":null}},"5":{"start":{"line":29,"column":21},"end":{"line":29,"column":null}},"6":{"start":{"line":31,"column":2},"end":{"line":59,"column":null}},"7":{"start":{"line":32,"column":25},"end":{"line":34,"column":null}},"8":{"start":{"line":37,"column":4},"end":{"line":45,"column":null}},"9":{"start":{"line":38,"column":12},"end":{"line":38,"column":null}},"10":{"start":{"line":39,"column":6},"end":{"line":44,"column":null}},"11":{"start":{"line":40,"column":14},"end":{"line":40,"column":null}},"12":{"start":{"line":41,"column":8},"end":{"line":43,"column":null}},"13":{"start":{"line":42,"column":10},"end":{"line":42,"column":null}},"14":{"start":{"line":47,"column":4},"end":{"line":54,"column":null}},"15":{"start":{"line":48,"column":6},"end":{"line":48,"column":null}},"16":{"start":{"line":49,"column":6},"end":{"line":53,"column":null}},"17":{"start":{"line":50,"column":8},"end":{"line":50,"column":null}},"18":{"start":{"line":51,"column":8},"end":{"line":51,"column":null}},"19":{"start":{"line":52,"column":8},"end":{"line":52,"column":null}},"20":{"start":{"line":56,"column":4},"end":{"line":58,"column":null}},"21":{"start":{"line":57,"column":6},"end":{"line":57,"column":null}},"22":{"start":{"line":61,"column":22},"end":{"line":61,"column":null}},"23":{"start":{"line":62,"column":22},"end":{"line":62,"column":null}},"24":{"start":{"line":64,"column":2},"end":{"line":73,"column":null}}},"fnMap":{"0":{"name":"calculateWorkoutStats","decl":{"start":{"line":16,"column":16},"end":{"line":16,"column":null}},"loc":{"start":{"line":23,"column":16},"end":{"line":74,"column":null}},"line":23}},"branchMap":{"0":{"loc":{"start":{"line":32,"column":25},"end":{"line":34,"column":null}},"type":"cond-expr","locations":[{"start":{"line":33,"column":8},"end":{"line":33,"column":null}},{"start":{"line":34,"column":8},"end":{"line":34,"column":null}}],"line":32},"1":{"loc":{"start":{"line":37,"column":4},"end":{"line":45,"column":null}},"type":"if","locations":[{"start":{"line":37,"column":4},"end":{"line":45,"column":null}},{"start":{},"end":{}}],"line":37},"2":{"loc":{"start":{"line":39,"column":6},"end":{"line":44,"column":null}},"type":"if","locations":[{"start":{"line":39,"column":6},"end":{"line":44,"column":null}},{"start":{},"end":{}}],"line":39},"3":{"loc":{"start":{"line":49,"column":6},"end":{"line":53,"column":null}},"type":"if","locations":[{"start":{"line":49,"column":6},"end":{"line":53,"column":null}},{"start":{},"end":{}}],"line":49},"4":{"loc":{"start":{"line":49,"column":10},"end":{"line":49,"column":41}},"type":"binary-expr","locations":[{"start":{"line":49,"column":10},"end":{"line":49,"column":27}},{"start":{"line":49,"column":27},"end":{"line":49,"column":41}}],"line":49},"5":{"loc":{"start":{"line":56,"column":4},"end":{"line":58,"column":null}},"type":"if","locations":[{"start":{"line":56,"column":4},"end":{"line":58,"column":null}},{"start":{},"end":{}}],"line":56},"6":{"loc":{"start":{"line":62,"column":22},"end":{"line":62,"column":null}},"type":"cond-expr","locations":[{"start":{"line":62,"column":38},"end":{"line":62,"column":86}},{"start":{"line":62,"column":86},"end":{"line":62,"column":null}}],"line":62}},"s":{"0":17,"1":17,"2":17,"3":17,"4":17,"5":17,"6":17,"7":19,"8":19,"9":16,"10":16,"11":15,"12":15,"13":66,"14":19,"15":67,"16":67,"17":61,"18":61,"19":61,"20":19,"21":17,"22":17,"23":17,"24":17},"f":{"0":17},"b":{"0":[1,18],"1":[16,3],"2":[15,1],"3":[61,6],"4":[67,61],"5":[17,2],"6":[16,1]},"meta":{"lastBranch":7,"lastFunction":1,"lastStatement":25,"seen":{"f:16:16:16:Infinity":0,"s:24:22:24:Infinity":0,"s:25:21:25:Infinity":1,"s:26:18:26:Infinity":2,"s:27:18:27:Infinity":3,"s:28:22:28:Infinity":4,"s:29:21:29:Infinity":5,"s:31:2:59:Infinity":6,"s:32:25:34:Infinity":7,"b:33:8:33:Infinity:34:8:34:Infinity":0,"b:37:4:45:Infinity:undefined:undefined:undefined:undefined":1,"s:37:4:45:Infinity":8,"s:38:12:38:Infinity":9,"b:39:6:44:Infinity:undefined:undefined:undefined:undefined":2,"s:39:6:44:Infinity":10,"s:40:14:40:Infinity":11,"s:41:8:43:Infinity":12,"s:42:10:42:Infinity":13,"s:47:4:54:Infinity":14,"s:48:6:48:Infinity":15,"b:49:6:53:Infinity:undefined:undefined:undefined:undefined":3,"s:49:6:53:Infinity":16,"b:49:10:49:27:49:27:49:41":4,"s:50:8:50:Infinity":17,"s:51:8:51:Infinity":18,"s:52:8:52:Infinity":19,"b:56:4:58:Infinity:undefined:undefined:undefined:undefined":5,"s:56:4:58:Infinity":20,"s:57:6:57:Infinity":21,"s:61:22:61:Infinity":22,"s:62:22:62:Infinity":23,"b:62:38:62:86:62:86:62:Infinity":6,"s:64:2:73:Infinity":24}}}
,"/Users/colin/Code/gzclp-tracker/src/lib/workoutStatus.ts": {"path":"/Users/colin/Code/gzclp-tracker/src/lib/workoutStatus.ts","statementMap":{"0":{"start":{"line":7,"column":2},"end":{"line":11,"column":null}},"1":{"start":{"line":8,"column":21},"end":{"line":8,"column":null}},"2":{"start":{"line":8,"column":47},"end":{"line":8,"column":56}},"3":{"start":{"line":9,"column":22},"end":{"line":9,"column":null}},"4":{"start":{"line":10,"column":4},"end":{"line":10,"column":null}},"5":{"start":{"line":12,"column":2},"end":{"line":12,"column":null}},"6":{"start":{"line":16,"column":2},"end":{"line":16,"column":null}},"7":{"start":{"line":16,"column":18},"end":{"line":16,"column":null}},"8":{"start":{"line":17,"column":2},"end":{"line":17,"column":null}},"9":{"start":{"line":17,"column":49},"end":{"line":17,"column":62}}},"fnMap":{"0":{"name":"getLiftStatus","decl":{"start":{"line":6,"column":16},"end":{"line":6,"column":30}},"loc":{"start":{"line":6,"column":65},"end":{"line":13,"column":null}},"line":6},"1":{"name":"(anonymous_1)","decl":{"start":{"line":8,"column":40},"end":{"line":8,"column":41}},"loc":{"start":{"line":8,"column":47},"end":{"line":8,"column":56}},"line":8},"2":{"name":"getT3Labels","decl":{"start":{"line":15,"column":16},"end":{"line":15,"column":28}},"loc":{"start":{"line":15,"column":53},"end":{"line":18,"column":null}},"line":15},"3":{"name":"(anonymous_3)","decl":{"start":{"line":17,"column":39},"end":{"line":17,"column":40}},"loc":{"start":{"line":17,"column":49},"end":{"line":17,"column":62}},"line":17}},"branchMap":{"0":{"loc":{"start":{"line":7,"column":2},"end":{"line":11,"column":null}},"type":"if","locations":[{"start":{"line":7,"column":2},"end":{"line":11,"column":null}},{"start":{},"end":{}}],"line":7},"1":{"loc":{"start":{"line":9,"column":22},"end":{"line":9,"column":null}},"type":"binary-expr","locations":[{"start":{"line":9,"column":22},"end":{"line":9,"column":40}},{"start":{"line":9,"column":40},"end":{"line":9,"column":null}}],"line":9},"2":{"loc":{"start":{"line":10,"column":11},"end":{"line":10,"column":null}},"type":"cond-expr","locations":[{"start":{"line":10,"column":29},"end":{"line":10,"column":41}},{"start":{"line":10,"column":41},"end":{"line":10,"column"
[...]
,"/Users/colin/Code/gzclp-tracker/src/stores/workoutSessionStore.ts": {"path":"/Users/colin/Code/gzclp-tracker/src/stores/workoutSessionStore.ts","statementMap":{"0":{"start":{"line":38,"column":21},"end":{"line":38,"column":null}},"1":{"start":{"line":39,"column":35},"end":{"line":39,"column":null}},"2":{"start":{"line":42,"column":18},"end":{"line":42,"column":null}},"3":{"start":{"line":43,"column":8},"end":{"line":43,"column":null}},"4":{"start":{"line":44,"column":2},"end":{"line":52,"column":null}},"5":{"start":{"line":55,"column":18},"end":{"line":55,"column":null}},"6":{"start":{"line":56,"column":8},"end":{"line":56,"column":null}},"7":{"start":{"line":57,"column":2},"end":{"line":65,"column":null}},"8":{"start":{"line":68,"column":8},"end":{"line":68,"column":null}},"9":{"start":{"line":69,"column":2},"end":{"line":78,"column":null}},"10":{"start":{"line":70,"column":4},"end":{"line":77,"column":null}},"11":{"start":{"line":80,"column":2},"end":{"line":80,"column":null}},"12":{"start":{"line":83,"column":13},"end":{"line":240,"column":null}},"13":{"start":{"line":85,"column":19},"end":{"line":231,"column":null}},"14":{"start":{"line":89,"column":30},"end":{"line":89,"column":null}},"15":{"start":{"line":92,"column":50},"end":{"line":92,"column":null}},"16":{"start":{"line":93,"column":8},"end":{"line":93,"column":null}},"17":{"start":{"line":97,"column":50},"end":{"line":97,"column":null}},"18":{"start":{"line":98,"column":8},"end":{"line":98,"column":null}},"19":{"start":{"line":98,"column":22},"end":{"line":98,"column":null}},"20":{"start":{"line":99,"column":8},"end":{"line":99,"column":null}},"21":{"start":{"line":103,"column":28},"end":{"line":103,"column":null}},"22":{"start":{"line":104,"column":8},"end":{"line":104,"column":null}},"23":{"start":{"line":104,"column":22},"end":{"line":104,"column":null}},"24":{"start":{"line":105,"column":8},"end":{"line":107,"column":null}},"25":{"start":{"line":106,"column":10},"end":{"line":106,"column":null}},"26":{"start":{"line":106,"column":31},"end":{"line":106,"column":42}},"27":{"start":{"line":112,"column":8},"end":{"line":112,"column":null}},"28":{"start":{"line":112,"column":27},"end":{"line":112,"column":null}},"29":{"start":{"line":114,"column":26},"end":{"line":114,"column":null}},"30":{"start":{"line":115,"column":8},"end":{"line":124,"column":null}},"31":{"start":{"line":128,"column":50},"end":{"line":128,"column":null}},"32":{"start":{"line":129,"column":8},"end":{"line":129,"column":null}},"33":{"start":{"line":129,"column":22},"end":{"line":129,"column":null}},"34":{"start":{"line":131,"column":26},"end":{"line":131,"column":null}},"35":{"start":{"line":132,"column":25},"end":{"line":132,"column":null}},"36":{"start":{"line":133,"column":8},"end":{"line":135,"column":null}},"37":{"start":{"line":134,"column":10},"end":{"line":134,"column":null}},"38":{"start":{"line":136,"column":8},"end":{"line":136,"column":null}},"39":{"start":{"line":138,"column":8},"end":{"line":138,"column":null}},"40":{"start":{"line":142,"column":50},"end":{"line":142,"column":null}},"41":{"start":{"line":143,"column":8},"end":{"line":143,"column":null}},"42":{"start":{"line":143,"column":22},"end":{"line":143,"column":null}},"43":{"start":{"line":145,"column":26},"end":{"line":145,"column":null}},"44":{"start":{"line":146,"column":25},"end":{"line":146,"column":null}},"45":{"start":{"line":147,"column":8},"end":{"line":149,"column":null}},"46":{"start":{"line":148,"column":10},"end":{"line":148,"column":null}},"47":{"start":{"line":150,"column":8},"end":{"line":150,"column":null}},"48":{"start":{"line":152,"column":8},"end":{"line":152,"column":null}},"49":{"start":{"line":156,"column":50},"end":{"line":156,"column":null}},"50":{"start":{"line":157,"column":8},"end":{"line":157,"column":null}},"51":{"start":{"line":157,"column":22},"end":{"line":157,"column":null}},"52":{"start":{"line":159,"column":26},"end":{"line":159,"column":null}},"53":{"start":{"line":160,"column":25},"end":{"line":160,"column":null}},"54":{"start":{"line":161,"column":8},"end":{"line":163,"column":null}},"55":{"start":{"line":162,"column":10},"end":{"line":162,"column":null}},"56":{"start":{"line":164,"column":8},"end":{"line":164,"column":null}},"57":{"start":{"line":166,"column":8},"end":{"line":166,"column":null}},"58":{"start":{"line":170,"column":50},"end":{"line":170,"column":null}},"59":{"start":{"line":171,"column":8},"end":{"line":171,"column":null}},"60":{"start":{"line":171,"column":22},"end":{"line":171,"column":null}},"61":{"start":{"line":173,"column":26},"end":{"line":173,"column":null}},"62":{"start":{"line":174,"column":8},"end":{"line":177,"column":null}},"63":{"start":{"line":179,"column":8},"end":{"line":179,"column":null}},"64":{"start":{"line":183,"column":50},"end":{"line":183,"column":null}},"65":{"start":{"line":184,"column":8},"end":{"line":184,"column":null}},"66":{"start":{"line":184,"column":22},"end":{"line":184,"column":null}},"67":{"start":{"line":185,"column":8},"end":{"line":187,"column":null}},"68":{"start":{"line":186,"column":10},"end":{"line":186,"column":null}},"69":{"start":{"line":191,"column":41},"end":{"line":191,"column":null}},"70":{"start":{"line":192,"column":8},"end":{"line":194,"column":null}},"71":{"start":{"line":193,"column":10},"end":{"line":193,"column":null}},"72":{"start":{"line":198,"column":28},"end":{"line":198,"column":null}},"73":{"start":{"line":199,"column":8},"end":{"line":199,"column":null}},"74":{"start":{"line":199,"column":22},"end":{"line":199,"column":null}},"75":{"start":{"line":201,"column":33},"end":{"line":201,"column":null}},"76":{"start":{"line":202,"column":8},"end":{"line":202,"column":null}},"77":{"start":{"line":203,"column":8},"end":{"line":203,"column":null}},"78":{"start":{"line":207,"column":28},"end":{"line":207,"column":null}},"79":{"start":{"line":208,"column":8},"end":{"line":208,"column":null}},"80":{"start":{"line":208,"column":22},"end":{"line":208,"column":null}},"81":{"start":{"line":210,"column":14},"end":{"line":210,"column":null}},"82":{"start":{"line":211,"column":41},"end":{"line":218,"column":null}},"83":{"start":{"line":220,"column":8},"end":{"line":225,"column":null}},"84":{"start":{"line":229,"column":8},"end":{"line":229,"column":null}},"85":{"start":{"line":234,"column":30},"end":{"line":237,"column":null}}},"fnMap":{"0":{"name":"createExerciseLogs","decl":{"start":{"line":34,"column":9},"end":{"line":34,"column":null}},"loc":{"start":{"line":37,"column":17},"end":{"line":81,"column":null}},"line":37},"1":{"name":"(anonymous_1)","decl":{"start":{"line":85,"column":4},"end":{"line":85,"column":5}},"loc":{"start":{"line":85,"column":19},"end":{"line":231,"column":null}},"line":85},"2":{"name":"(anonymous_2)","decl":{"start":{"line":89,"column":24},"end":{"line":89,"column":30}},"loc":{"start":{"line":89,"column":30},"end":{"line":89,"column":null}},"line":89},"3":{"name":"(anonymous_3)","decl":{"start":{"line":91,"column":23},"end":{"line":91,"column":29}},"loc":{"start":{"line":91,"column":29},"end":{"line":94,"column":null}},"line":91},"4":{"name":"(anonymous_4)","decl":{"start":{"line":96,"column":22},"end":{"line":96,"column":28}},"loc":{"start":{"line":96,"column":28},"end":{"line":100,"column":null}},"line":96},"5":{"name":"(anonymous_5)","decl":{"start":{"line":102,"column":25},"end":{"line":102,"column":31}},"loc":{"start":{"line":102,"column":31},"end":{"line":108,"column":null}},"line":102},"6":{"name":"(anonymous_6)","decl":{"start":{"line":105,"column":39},"end":{"line":105,"column":40}},"loc":{"start":{"line":106,"column":10},"end":{"line":106,"column":null}},"line":106},"7":{"name":"(anonymous_7)","decl":{"start":{"line":106,"column":24},"end":{"line":106,"column":25}},"loc":{"start":{"line":106,"column":31},"end":{"line":106,"column":42}},"line":106},"8":{"name":"(anonymous_8)","decl":{"start":{"line":110,"column":20},"end":{"line":110,"column":21}},"loc":{"start":{"line":110,"column":48},"end":{"line":125,"column":null}},"line":110},"9":{"name":"(anonymous_9)","decl":{"start":{"line":127,"column":19},"end":{"line":127,"column":20}},"loc":{"start":{"line":127,"column":39},"end":{"line":139,"column":null}},"line":127},"10":{"name":"(anonymous_10)","decl":{"start":{"line":133,"column":42},"end":{"line":133,"column":43}},"loc":{"start":{"line":134,"column":10},"end":{"line":134,"column":null}},"line":134},"11":{"name":"(anonymous_11)","decl":{"start":{"line":141,"column":15},"end":{"line":141,"column":16}},"loc":{"start":{"line":141,"column":29},"end":{"line":153,"column":null}},"line":141},"12":{"name":"(anonymous_12)","decl":{"start":{"line":147,"column":42},"end":{"line":147,"column":43}},"loc":{"start":{"line":148,"column":10},"end":{"line":148,"column":null}},"line":148},"13":{"name":"(anonymous_13)","decl":{"start":{"line":155,"column":40},"end":{"line":155,"column":46}},"loc":{"start":{"line":155,"column":46},"end":{"line":167,"column":null}},"line":155},"14":{"name":"(anonymous_14)","decl":{"start":{"line":161,"column":42},"end":{"line":161,"column":43}},"loc":{"start":{"line":162,"column":10},"end":{"line":162,"column":null}},"line":162},"15":{"name":"(anonymous_15)","decl":{"start":{"line":169,"column":35},"end":{"line":169,"column":36}},"loc":{"start":{"line":169,"column":50},"end":{"line":180,"column":null}},"line":169},"16":{"name":"(anonymous_16)","decl":{"start":{"line":182,"column":20},"end":{"line":182,"column":26}},"loc":{"start":{"line":182,"column":26},"end":{"line":188,"column":null}},"line":182},"17":{"name":"(anonymous_17)","decl":{"start":{"line":190,"column":20},"end":{"line":190,"column":26}},"loc":{"start":{"line":190,"column":26},"end":{"line":195,"column":null}},"line":190},"18":{"name":"(anonymous_18)","decl":{"start":{"line":197,"column":21},"end":{"line":197,"column":27}},"loc":{"start":{"line":197,"column":27},"end":{"line":204,"column":null}},"line":197},"19":{"name":"(anonymous_19)","decl":{"start":{"line":206,"column":21},"end":{"line":206,"column":22}},"loc":{"start":{"line":206,"column":39},"end":{"line":226,"column":null}},"line":206},"20":{"name":"(anonymous_20)","decl":{"start":{"line":228,"column":22},"end":{"line":228,"column":28}},"loc":{"start":{"line":228,"column":28},"end":{"line":230,"column":null}},"line":228},"21":{"name":"(anonymous_21)","decl":{"start":{"line":234,"column":18},"end":{"line":234,"column":19}},"loc":{"start":{"line":234,"column":30},"end":{"line":237,"column":null}},"line":234}},"branchMap":{"0":{"loc":{"start":{"line":73,"column":14},"end":{"line":73,"column":null}},"type":"binary-expr","locations":[{"start":{"line":73,"column":14},"end":{"line":73,"column":47}},{"start":{"line":73,"column":47},"end":{"line":73,"column":null}}],"line":73},"1":{"loc":{"start":{"line":93,"column":15},"end":{"line":93,"column":null}},"type":"binary-expr","locations":[{"start":{"line":93,"column":15},"end":{"line":93,"column":59}},{"start":{"line":93,"column":59},"end":{"line":93,"column":null}}],"line":93},"2":{"loc":{"start":{"line":98,"column":8},"end":{"line":98,"column":null}},"type":"if","locations":[{"start":{"line":98,"column":8},"end":{"line":98,"column":null}},{"start":{},"end":{}}],"line":98},"3":{"loc":{"start":{"line":104,"column":8},"end":{"line":104,"column":null}},"type":"if","locations":[{"start":{"line":104,"column":8},"end":{"line":104,"column":null}},{"start":{},"end":{}}],"line":104},"4":{"loc":{"start":{"line":112,"column":8},"end":{"line":112,"column":null}},"type":"if","locations":[{"start":{"line":112,"column":8},"end":{"line":112,"column":null}},{"start":{},"end":{}}],"line":112},"5":{"loc":{"start":{"line":129,"column":8},"end":{"line":129,"column":null}},"type":"if","locations":[{"start":{"line":129,"column":8},"end":{"line":129,"column":null}},{"start":{},"end":{}}],"line":129},"6":{"loc":{"start":{"line":134,"column":10},"end":{"line":134,"column":null}},"type":"cond-expr","locations":[{"start":{"line":134,"column":27},"end":{"line":134,"column":61}},{"start":{"line":134,"column":61},"end":{"line":134,"column":null}}],"line":134},"7":{"loc":{"start":{"line":143,"column":8},"end":{"line":143,"column":null}},"type":"if","locations":[{"start":{"line":143,"column":8},"end":{"line":143,"column":null}},{"start":{},"end":{}}],"line":143},"8":{"loc":{"start":{"line":148,"column":10},"end":{"line":148,"column":null}},"type":"cond-expr","locations":[{"start":{"line":148,"column":27},"end":{"line":148,"column":64}},{"start":{"line":148,"column":64},"end":{"line":148,"column":null}}],"line":148},"9":{"loc":{"start":{"line":157,"column":8},"end":{"line":157,"column":null}},"type":"if","locations":[{"start":{"line":157,"column":8},"end":{"line":157,"column":null}},{"start":{},"end":{}}],"line":157},"10":{"loc":{"start":{"line":162,"column":10},"end":{"line":162,"column":null}},"type":"cond-expr","locations":[{"start":{"line":162,"column":24},"end":{"line":162,"column":28}},{"start":{"line":162,"column":28},"end":{"line":162,"column":null}}],"line":162},"11":{"loc":{"start":{"line":171,"column":8},"end":{"line":171,"column":null}},"type":"if","locations":[{"start":{"line":171,"column":8},"end":{"line":171,"column":null}},{"start":{},"end":{}}],"line":171},"12":{"loc":{"start":{"line":184,"column":8},"end":{"line":184,"column":null}},"type":"if","locations":[{"start":{"line":184,"column":8},"end":{"line":184,"column":null}},{"start":{},"end":{}}],"line":184},"13":{"loc":{"start":{"line":185,"column":8},"end":{"line":187,"column":null}},"type":"if","locations":[{"start":{"line":185,"column":8},"end":{"line":187,"column":null}},{"start":{},"end":{}}],"line":185},"14":{"loc":{"start":{"line":192,"column":8},"end":{"line":194,"column":null}},"type":"if","locations":[{"start":{"line":192,"column":8},"end":{"line":194,"column":null}},{"start":{},"end":{}}],"line":192},"15":{"loc":{"start":{"line":199,"column":8},"end":{"line":199,"column":null}},"type":"if","locations":[{"start":{"line":199,"column":8},"end":{"line":199,"column":null}},{"start":{},"end":{}}],"line":199},"16":{"loc":{"start":{"line":208,"column":8},"end":{"line":208,"column":null}},"type":"if","locations":[{"start":{"line":208,"column":8},"end":{"line":208,"column":null}},{"start":{},"end":{}}],"line":208}},"s":{"0":16,"1":16,"2":16,"3":16,"4":16,"5":16,"6":16,"7":16,"8":16,"9":16,"10":16,"11":16,"12":1,"13":1,"14":4,"15":3,"16":3,"17":2,"18":2,"19":0,"20":2,"21":2,"22":2,"23":0,"24":2,"25":4,"26":12,"27":17,"28":1,"29":16,"30":16,"31":13,"32":13,"33":0,"34":13,"35":13,"36":13,"37":53,"38":13,"39":13,"40":1,"41":1,"42":0,"43":1,"44":1,"45":1,"46":5,"47":1,"48":1,"49":1,"50":1,"51":0,"52":1,"53":1,"54":1,"55":5,"56":1,"57":1,"58":1,"59":1,"60":0,"61":1,"62":1,"63":1,"64":6,"65":6,"66":0,"67":6,"68":5,"69":3,"70":3,"71":2,"72":2,"73":2,"74":1,"75":1,"76":1,"77":1,"78":1,"79":1,"80":0,"81":1,"82":1,"83":1,"84":1,"85":0},"f":{"0":16,"1":1,"2":4,"3":3,"4":2,"5":2,"6":4,"7":12,"8":17,"9":13,"10":53,"11":1,"12":5,"13":1,"14":5,"15":1,"16":6,"17":3,"18":2,"19":1,"20":1,"21":0},"b":{"0":[16,0],"1":[3,1],"2":[0,2],"3":[0,2],"4":[1,16],"5":[0,13],"6":[13,40],"7":[0,1],"8":[1,4],"9":[0,1],"10":[1,4],"11":[0,1],"12":[0,6],"13":[5,1],"14":[2,1],"15":[1,1],"16":[0,1]},"meta":{"lastBranch":17,"lastFunction":22,"lastStatement":86,"seen":{"f:34:9:34:Infinity":0,"s:38:21:38:Infinity":0,"s:39:35:39:Infinity":1,"s:42:18:42:Infinity":2,"s:43:8:43:Infinity":3,"s:44:2:52:Infinity":4,"s:55:18:55:Infinity":5,"s:56:8:56:Infinity":6,"s:57:2:65:Infinity":7,"s:68:8:68:Infinity":8,"s:69:2:78:Infinity":9,"s:70:4:77:Infinity":10,"b:73:14:73:47:73:47:73:Infinity":0,"s:80:2:80:Infinity":11,"s:83:13:240:Infinity":12,"f:85:4:85:5":1,"s:85:19:231:Infinity":13,"f:89:24:89:30":2,"s:89:30:89:Infinity":14,"f:91:23:91:29":3,"s:92:50:92:Infinity":15,"s:93:8:93:Infinity":16,"b:93:15:93:59:93:59:93:Infinity":1,"f:96:22:96:28":4,"s:97:50:97:Infinity":17,"b:98:8:98:Infinity:undefined:undefined:undefined:undefined":2,"s:98:8:98:Infinity":18,"s:98:22:98:Infinity":19,"s:99:8:99:Infinity":20,"f:102:25:102:31":5,"s:103:28:103:Infinity":21,"b:104:8:104:Infinity:undefined:undefined:undefined:undefined":3,"s:104:8:104:Infinity":22,"s:104:22:104:Infinity":23,"s:105:8:107:Infinity":24,"f:105:39:105:40":6,"s:106:10:106:Infinity":25,"f:106:24:106:25":7,"s:106:31:106:42":26,"f:110:20:110:21":8,"b:112:8:112:Infinity:undefined:undefined:undefined:undefined":4,"s:112:8:112:Infinity":27,"s:112:27:112:Infinity":28,"s:114:26:114:Infinity":29,"s:115:8:124:Infinity":30,"f:127:19:127:20":9,"s:128:50:128:Infinity":31,"b:129:8:129:Infinity:undefined:undefined:undefined:undefined":5,"s:129:8:129:Infinity":32,"s:129:22:129:Infinity":33,"s:131:26:131:Infinity":34,"s:132:25:132:Infinity":35,"s:133:8:135:Infinity":36,"f:133:42:133:43":10,"s:134:10:134:Infinity":37,"b:134:27:134:61:134:61:134:Infinity":6,"s:136:8:136:Infinity":38,"s:138:8:138:Infinity":39,"f:141:15:141:16":11,"s:142:50:142:Infinity":40,"b:143:8:143:Infinity:undefined:undefined:undefined:undefined":7,"s:143:8:143:Infinity":41,"s:143:22:143:Infinity":42,"s:145:26:145:Infinity":43,"s:146:25:146:Infinity":44,"s:147:8:149:Infinity":45,"f:147:42:147:43":12,"s:148:10:148:Infinity":46,"b:148:27:148:64:148:64:148:Infinity":8,"s:150:8:150:Infinity":47,"s:152:8:152:Infinity":48,"f:155:40:155:46":13,"s:156:50:156:Infinity":49,"b:157:8:157:Infinity:undefined:undefined:undefined:undefined":9,"s:157:8:157:Infinity":50,"s:157:22:157:Infinity":51,"s:159:26:159:Infinity":52,"s:160:25:160:Infinity":53,"s:161:8:163:Infinity":54,"f:161:42:161:43":14,"s:162:10:162:Infinity":55,"b:162:24:162:28:162:28:162:Infinity":10,"s:164:8:164:Infinity":56,"s:166:8:166:Infinity":57,"f:169:35:169:36":15,"s:170:50:170:Infinity":58,"b:171:8:171:Infinity:undefined:undefined:undefined:undefined":11,"s:171:8:171:Infinity":59,"s:171:22:171:Infinity":60,"s:173:26:173:Infinity":61,"s:174:8:177:Infinity":62,"s:179:8:179:Infinity":63,"f:182:20:182:26":16,"s:183:50:183:Infinity":64,"b:184:8:184:Infinity:undefined:undefined:undefined:undefined":12,"s:184:8:184:Infinity":65,"s:184:22:184:Infinity":66,"b:185:8:187:Infinity:undefined:undefined:undefined:undefined":13,"s:185:8:187:Infinity":67,"s:186:10:186:Infinity":68,"f:190:20:190:26":17,"s:191:41:191:Infinity":69,"b:192:8:194:Infinity:undefined:undefined:undefined:undefined":14,"s:192:8:194:Infinity":70,"s:193:10:193:Infinity":71,"f:197:21:197:27":18,"s:198:28:198:Infinity":72,"b:199:8:199:Infinity:undefined:undefined:undefined:undefined":15,"s:199:8:199:Infinity":73,"s:199:22:199:Infinity":74,"s:201:33:201:Infinity":75,"s:202:8:202:Infinity":76,"s:203:8:203:Infinity":77,"f:206:21:206:22":19,"s:207:28:207:Infinity":78,"b:208:8:208:Infinity:undefined:undefined:undefined:undefined":16,"s:208:8:208:Infinity":79,"s:208:22:208:Infinity":80,"s:210:14:210:Infinity":81,"s:211:41:218:Infinity":82,"s:220:8:225:Infinity":83,"f:228:22:228:28":20,"s:229:8:229:Infinity":84,"f:234:18:234:19":21,"s:234:30:237:Infinity":85}}}
}
